<testsuites id="" name="" tests="55" failures="35" skipped="0" errors="0" time="28.605724000000002">
<testsuite name="tests/acim-guide-debug.spec.ts" timestamp="2025-08-12T21:47:04.442Z" hostname="chromium" tests="11" failures="1" skipped="0" time="82.784" errors="0">
<testcase name="ACIM Guide - Debug and UX Testing â€º âœ… Page loads successfully with correct title and branding" classname="tests/acim-guide-debug.spec.ts" time="9.302">
</testcase>
<testcase name="ACIM Guide - Debug and UX Testing â€º ðŸ”§ Firebase authentication and connection status" classname="tests/acim-guide-debug.spec.ts" time="14.293">
<failure message="acim-guide-debug.spec.ts:29:7 ðŸ”§ Firebase authentication and connection status" type="FAILURE">
<![CDATA[  [chromium] â€º tests/acim-guide-debug.spec.ts:29:7 â€º ACIM Guide - Debug and UX Testing â€º ðŸ”§ Firebase authentication and connection status 

    Error: Timed out 5000ms waiting for expect(locator).toContainText(expected)

    Locator: locator('#status')
    Expected string: "Initializing ACIMguide"
    Received string: "âœ… Connected! Your spiritual companion is ready."
    Call log:
      - Expect "toContainText" with timeout 5000ms
      - waiting for locator('#status')
        9 Ã— locator resolved to <div id="status" class="status">âœ… Connected! Your spiritual companion is ready.</div>
          - unexpected value "âœ… Connected! Your spiritual companion is ready."


      33 |     
      34 |     // Check initial loading state
    > 35 |     await expect(statusElement).toContainText('Initializing ACIMguide');
         |                                 ^
      36 |     
      37 |     // Wait for authentication to complete (up to 10 seconds)
      38 |     await page.waitForFunction(() => {
        at /home/am/TestAlex/e2e/tests/acim-guide-debug.spec.ts:35:33

    attachment #1: screenshot (image/png) â”€â”€â”€â”€â”€â”€â”€â”€â”€â”€â”€â”€â”€â”€â”€â”€â”€â”€â”€â”€â”€â”€â”€â”€â”€â”€â”€â”€â”€â”€â”€â”€â”€â”€â”€â”€â”€â”€â”€â”€â”€â”€â”€â”€â”€â”€â”€â”€â”€â”€â”€â”€â”€â”€â”€â”€â”€â”€
    ../test-results/tests-acim-guide-debug-ACI-93ac1-ation-and-connection-status-chromium/test-failed-1.png
    â”€â”€â”€â”€â”€â”€â”€â”€â”€â”€â”€â”€â”€â”€â”€â”€â”€â”€â”€â”€â”€â”€â”€â”€â”€â”€â”€â”€â”€â”€â”€â”€â”€â”€â”€â”€â”€â”€â”€â”€â”€â”€â”€â”€â”€â”€â”€â”€â”€â”€â”€â”€â”€â”€â”€â”€â”€â”€â”€â”€â”€â”€â”€â”€â”€â”€â”€â”€â”€â”€â”€â”€â”€â”€â”€â”€â”€â”€â”€â”€â”€â”€â”€â”€â”€â”€â”€â”€â”€â”€â”€â”€â”€â”€â”€â”€

    attachment #2: video (video/webm) â”€â”€â”€â”€â”€â”€â”€â”€â”€â”€â”€â”€â”€â”€â”€â”€â”€â”€â”€â”€â”€â”€â”€â”€â”€â”€â”€â”€â”€â”€â”€â”€â”€â”€â”€â”€â”€â”€â”€â”€â”€â”€â”€â”€â”€â”€â”€â”€â”€â”€â”€â”€â”€â”€â”€â”€â”€â”€â”€â”€â”€â”€
    ../test-results/tests-acim-guide-debug-ACI-93ac1-ation-and-connection-status-chromium/video.webm
    â”€â”€â”€â”€â”€â”€â”€â”€â”€â”€â”€â”€â”€â”€â”€â”€â”€â”€â”€â”€â”€â”€â”€â”€â”€â”€â”€â”€â”€â”€â”€â”€â”€â”€â”€â”€â”€â”€â”€â”€â”€â”€â”€â”€â”€â”€â”€â”€â”€â”€â”€â”€â”€â”€â”€â”€â”€â”€â”€â”€â”€â”€â”€â”€â”€â”€â”€â”€â”€â”€â”€â”€â”€â”€â”€â”€â”€â”€â”€â”€â”€â”€â”€â”€â”€â”€â”€â”€â”€â”€â”€â”€â”€â”€â”€â”€

    Error Context: ../test-results/tests-acim-guide-debug-ACI-93ac1-ation-and-connection-status-chromium/error-context.md
]]>
</failure>
<system-out>
<![CDATA[
[[ATTACHMENT|tests-acim-guide-debug-ACI-93ac1-ation-and-connection-status-chromium/test-failed-1.png]]

[[ATTACHMENT|tests-acim-guide-debug-ACI-93ac1-ation-and-connection-status-chromium/video.webm]]

[[ATTACHMENT|tests-acim-guide-debug-ACI-93ac1-ation-and-connection-status-chromium/error-context.md]]
]]>
</system-out>
</testcase>
<testcase name="ACIM Guide - Debug and UX Testing â€º ðŸ’¬ Chat interface is functional and accessible" classname="tests/acim-guide-debug.spec.ts" time="9.356">
</testcase>
<testcase name="ACIM Guide - Debug and UX Testing â€º ðŸŽ¯ Quick action buttons are present and functional" classname="tests/acim-guide-debug.spec.ts" time="9.505">
</testcase>
<testcase name="ACIM Guide - Debug and UX Testing â€º ðŸ“± Responsive design works on mobile" classname="tests/acim-guide-debug.spec.ts" time="9.552">
</testcase>
<testcase name="ACIM Guide - Debug and UX Testing â€º ðŸ” Debug actual chat functionality with Firebase" classname="tests/acim-guide-debug.spec.ts" time="9.628">
<system-out>
<![CDATA[âœ… Assistant responded successfully
Response preview: âŒ Error connecting to CourseGPT: internalPlease try again or contact support if the issue persists....

=== DEBUG INFORMATION ===
Console logs: [
  [32m'error: Failed to load resource: the server responded with a status of 400 ()'[39m,
  [32m"warning: [2025-08-12T21:47:14.613Z]  @firebase/firestore: Firestore (10.7.1): WebChannelConnection RPC 'Listen' stream 0x5abee09e transport errored: Yn"[39m,
  [32m"error: Access to fetch at 'https://us-central1-acim-guide-production.cloudfunctions.net/chatWithAssistant' from origin 'https://acim-guide-production.web.app' has been blocked by CORS policy: Response to preflight request doesn't pass access control check: No 'Access-Control-Allow-Origin' header is present on the requested resource."[39m,
  [32m'error: Failed to load resource: net::ERR_FAILED'[39m,
  [32m'error: âŒ Error calling CourseGPT: FirebaseError: internal'[39m
]
Network requests: [
  [32m'POST https://us-central1-acim-guide-production.cloudfunctions.net/chatWithAssistant'[39m
]
]]>
</system-out>
</testcase>
<testcase name="ACIM Guide - Debug and UX Testing â€º ðŸŽ¨ Visual design and styling check" classname="tests/acim-guide-debug.spec.ts" time="3.037">
</testcase>
<testcase name="ACIM Guide - Debug and UX Testing â€º â™¿ Accessibility and usability check" classname="tests/acim-guide-debug.spec.ts" time="2.714">
</testcase>
<testcase name="ACIM Guide - Debug and UX Testing â€º ðŸ”§ Performance and loading check" classname="tests/acim-guide-debug.spec.ts" time="5.625">
<system-out>
<![CDATA[Page load time: 919ms
Console errors found: [
  [32m'Failed to load resource: the server responded with a status of 400 ()'[39m,
  [32m'Failed to load resource: the server responded with a status of 400 ()'[39m
]
]]>
</system-out>
</testcase>
<testcase name="ACIM Guide - Debug and UX Testing â€º ðŸ“¸ Visual regression test - take screenshots" classname="tests/acim-guide-debug.spec.ts" time="2.796">
<system-out>
<![CDATA[Screenshots saved for visual review
]]>
</system-out>
</testcase>
<testcase name="ACIM Guide - Specific Firebase Debug â€º ðŸ”¥ Debug Firebase Functions specifically" classname="tests/acim-guide-debug.spec.ts" time="6.976">
<system-out>
<![CDATA[Firebase function calls: []
âŒ No Firebase function call detected
]]>
</system-out>
</testcase>
</testsuite>
<testsuite name="tests/acim-guide-debug.spec.ts" timestamp="2025-08-12T21:47:04.442Z" hostname="firefox" tests="11" failures="11" skipped="0" time="0.023" errors="0">
<testcase name="ACIM Guide - Debug and UX Testing â€º âœ… Page loads successfully with correct title and branding" classname="tests/acim-guide-debug.spec.ts" time="0.002">
<failure message="acim-guide-debug.spec.ts:15:7 âœ… Page loads successfully with correct title and branding" type="FAILURE">
<![CDATA[  [firefox] â€º tests/acim-guide-debug.spec.ts:15:7 â€º ACIM Guide - Debug and UX Testing â€º âœ… Page loads successfully with correct title and branding 

    Error: browserType.launch: Executable doesn't exist at /home/am/.cache/ms-playwright/firefox-1489/firefox/firefox
    â•”â•â•â•â•â•â•â•â•â•â•â•â•â•â•â•â•â•â•â•â•â•â•â•â•â•â•â•â•â•â•â•â•â•â•â•â•â•â•â•â•â•â•â•â•â•â•â•â•â•â•â•â•â•â•â•â•â•â•â•â•â•â•â•â•â•â•â•â•â•â•â•â•â•â•—
    â•‘ Looks like Playwright Test or Playwright was just installed or updated. â•‘
    â•‘ Please run the following command to download new browsers:              â•‘
    â•‘                                                                         â•‘
    â•‘     npx playwright install                                              â•‘
    â•‘                                                                         â•‘
    â•‘ <3 Playwright Team                                                      â•‘
    â•šâ•â•â•â•â•â•â•â•â•â•â•â•â•â•â•â•â•â•â•â•â•â•â•â•â•â•â•â•â•â•â•â•â•â•â•â•â•â•â•â•â•â•â•â•â•â•â•â•â•â•â•â•â•â•â•â•â•â•â•â•â•â•â•â•â•â•â•â•â•â•â•â•â•â•
]]>
</failure>
</testcase>
<testcase name="ACIM Guide - Debug and UX Testing â€º ðŸ”§ Firebase authentication and connection status" classname="tests/acim-guide-debug.spec.ts" time="0.003">
<failure message="acim-guide-debug.spec.ts:29:7 ðŸ”§ Firebase authentication and connection status" type="FAILURE">
<![CDATA[  [firefox] â€º tests/acim-guide-debug.spec.ts:29:7 â€º ACIM Guide - Debug and UX Testing â€º ðŸ”§ Firebase authentication and connection status 

    Error: browserType.launch: Executable doesn't exist at /home/am/.cache/ms-playwright/firefox-1489/firefox/firefox
    â•”â•â•â•â•â•â•â•â•â•â•â•â•â•â•â•â•â•â•â•â•â•â•â•â•â•â•â•â•â•â•â•â•â•â•â•â•â•â•â•â•â•â•â•â•â•â•â•â•â•â•â•â•â•â•â•â•â•â•â•â•â•â•â•â•â•â•â•â•â•â•â•â•â•â•—
    â•‘ Looks like Playwright Test or Playwright was just installed or updated. â•‘
    â•‘ Please run the following command to download new browsers:              â•‘
    â•‘                                                                         â•‘
    â•‘     npx playwright install                                              â•‘
    â•‘                                                                         â•‘
    â•‘ <3 Playwright Team                                                      â•‘
    â•šâ•â•â•â•â•â•â•â•â•â•â•â•â•â•â•â•â•â•â•â•â•â•â•â•â•â•â•â•â•â•â•â•â•â•â•â•â•â•â•â•â•â•â•â•â•â•â•â•â•â•â•â•â•â•â•â•â•â•â•â•â•â•â•â•â•â•â•â•â•â•â•â•â•â•
]]>
</failure>
</testcase>
<testcase name="ACIM Guide - Debug and UX Testing â€º ðŸ’¬ Chat interface is functional and accessible" classname="tests/acim-guide-debug.spec.ts" time="0.002">
<failure message="acim-guide-debug.spec.ts:60:7 ðŸ’¬ Chat interface is functional and accessible" type="FAILURE">
<![CDATA[  [firefox] â€º tests/acim-guide-debug.spec.ts:60:7 â€º ACIM Guide - Debug and UX Testing â€º ðŸ’¬ Chat interface is functional and accessible 

    Error: browserType.launch: Executable doesn't exist at /home/am/.cache/ms-playwright/firefox-1489/firefox/firefox
    â•”â•â•â•â•â•â•â•â•â•â•â•â•â•â•â•â•â•â•â•â•â•â•â•â•â•â•â•â•â•â•â•â•â•â•â•â•â•â•â•â•â•â•â•â•â•â•â•â•â•â•â•â•â•â•â•â•â•â•â•â•â•â•â•â•â•â•â•â•â•â•â•â•â•â•—
    â•‘ Looks like Playwright Test or Playwright was just installed or updated. â•‘
    â•‘ Please run the following command to download new browsers:              â•‘
    â•‘                                                                         â•‘
    â•‘     npx playwright install                                              â•‘
    â•‘                                                                         â•‘
    â•‘ <3 Playwright Team                                                      â•‘
    â•šâ•â•â•â•â•â•â•â•â•â•â•â•â•â•â•â•â•â•â•â•â•â•â•â•â•â•â•â•â•â•â•â•â•â•â•â•â•â•â•â•â•â•â•â•â•â•â•â•â•â•â•â•â•â•â•â•â•â•â•â•â•â•â•â•â•â•â•â•â•â•â•â•â•â•
]]>
</failure>
</testcase>
<testcase name="ACIM Guide - Debug and UX Testing â€º ðŸŽ¯ Quick action buttons are present and functional" classname="tests/acim-guide-debug.spec.ts" time="0.002">
<failure message="acim-guide-debug.spec.ts:85:7 ðŸŽ¯ Quick action buttons are present and functional" type="FAILURE">
<![CDATA[  [firefox] â€º tests/acim-guide-debug.spec.ts:85:7 â€º ACIM Guide - Debug and UX Testing â€º ðŸŽ¯ Quick action buttons are present and functional 

    Error: browserType.launch: Executable doesn't exist at /home/am/.cache/ms-playwright/firefox-1489/firefox/firefox
    â•”â•â•â•â•â•â•â•â•â•â•â•â•â•â•â•â•â•â•â•â•â•â•â•â•â•â•â•â•â•â•â•â•â•â•â•â•â•â•â•â•â•â•â•â•â•â•â•â•â•â•â•â•â•â•â•â•â•â•â•â•â•â•â•â•â•â•â•â•â•â•â•â•â•â•—
    â•‘ Looks like Playwright Test or Playwright was just installed or updated. â•‘
    â•‘ Please run the following command to download new browsers:              â•‘
    â•‘                                                                         â•‘
    â•‘     npx playwright install                                              â•‘
    â•‘                                                                         â•‘
    â•‘ <3 Playwright Team                                                      â•‘
    â•šâ•â•â•â•â•â•â•â•â•â•â•â•â•â•â•â•â•â•â•â•â•â•â•â•â•â•â•â•â•â•â•â•â•â•â•â•â•â•â•â•â•â•â•â•â•â•â•â•â•â•â•â•â•â•â•â•â•â•â•â•â•â•â•â•â•â•â•â•â•â•â•â•â•â•
]]>
</failure>
</testcase>
<testcase name="ACIM Guide - Debug and UX Testing â€º ðŸ“± Responsive design works on mobile" classname="tests/acim-guide-debug.spec.ts" time="0.002">
<failure message="acim-guide-debug.spec.ts:109:7 ðŸ“± Responsive design works on mobile" type="FAILURE">
<![CDATA[  [firefox] â€º tests/acim-guide-debug.spec.ts:109:7 â€º ACIM Guide - Debug and UX Testing â€º ðŸ“± Responsive design works on mobile 

    Error: browserType.launch: Executable doesn't exist at /home/am/.cache/ms-playwright/firefox-1489/firefox/firefox
    â•”â•â•â•â•â•â•â•â•â•â•â•â•â•â•â•â•â•â•â•â•â•â•â•â•â•â•â•â•â•â•â•â•â•â•â•â•â•â•â•â•â•â•â•â•â•â•â•â•â•â•â•â•â•â•â•â•â•â•â•â•â•â•â•â•â•â•â•â•â•â•â•â•â•â•—
    â•‘ Looks like Playwright Test or Playwright was just installed or updated. â•‘
    â•‘ Please run the following command to download new browsers:              â•‘
    â•‘                                                                         â•‘
    â•‘     npx playwright install                                              â•‘
    â•‘                                                                         â•‘
    â•‘ <3 Playwright Team                                                      â•‘
    â•šâ•â•â•â•â•â•â•â•â•â•â•â•â•â•â•â•â•â•â•â•â•â•â•â•â•â•â•â•â•â•â•â•â•â•â•â•â•â•â•â•â•â•â•â•â•â•â•â•â•â•â•â•â•â•â•â•â•â•â•â•â•â•â•â•â•â•â•â•â•â•â•â•â•â•
]]>
</failure>
</testcase>
<testcase name="ACIM Guide - Debug and UX Testing â€º ðŸ” Debug actual chat functionality with Firebase" classname="tests/acim-guide-debug.spec.ts" time="0.002">
<failure message="acim-guide-debug.spec.ts:131:7 ðŸ” Debug actual chat functionality with Firebase" type="FAILURE">
<![CDATA[  [firefox] â€º tests/acim-guide-debug.spec.ts:131:7 â€º ACIM Guide - Debug and UX Testing â€º ðŸ” Debug actual chat functionality with Firebase 

    Error: browserType.launch: Executable doesn't exist at /home/am/.cache/ms-playwright/firefox-1489/firefox/firefox
    â•”â•â•â•â•â•â•â•â•â•â•â•â•â•â•â•â•â•â•â•â•â•â•â•â•â•â•â•â•â•â•â•â•â•â•â•â•â•â•â•â•â•â•â•â•â•â•â•â•â•â•â•â•â•â•â•â•â•â•â•â•â•â•â•â•â•â•â•â•â•â•â•â•â•â•—
    â•‘ Looks like Playwright Test or Playwright was just installed or updated. â•‘
    â•‘ Please run the following command to download new browsers:              â•‘
    â•‘                                                                         â•‘
    â•‘     npx playwright install                                              â•‘
    â•‘                                                                         â•‘
    â•‘ <3 Playwright Team                                                      â•‘
    â•šâ•â•â•â•â•â•â•â•â•â•â•â•â•â•â•â•â•â•â•â•â•â•â•â•â•â•â•â•â•â•â•â•â•â•â•â•â•â•â•â•â•â•â•â•â•â•â•â•â•â•â•â•â•â•â•â•â•â•â•â•â•â•â•â•â•â•â•â•â•â•â•â•â•â•
]]>
</failure>
</testcase>
<testcase name="ACIM Guide - Debug and UX Testing â€º ðŸŽ¨ Visual design and styling check" classname="tests/acim-guide-debug.spec.ts" time="0.002">
<failure message="acim-guide-debug.spec.ts:201:7 ðŸŽ¨ Visual design and styling check" type="FAILURE">
<![CDATA[  [firefox] â€º tests/acim-guide-debug.spec.ts:201:7 â€º ACIM Guide - Debug and UX Testing â€º ðŸŽ¨ Visual design and styling check 

    Error: browserType.launch: Executable doesn't exist at /home/am/.cache/ms-playwright/firefox-1489/firefox/firefox
    â•”â•â•â•â•â•â•â•â•â•â•â•â•â•â•â•â•â•â•â•â•â•â•â•â•â•â•â•â•â•â•â•â•â•â•â•â•â•â•â•â•â•â•â•â•â•â•â•â•â•â•â•â•â•â•â•â•â•â•â•â•â•â•â•â•â•â•â•â•â•â•â•â•â•â•—
    â•‘ Looks like Playwright Test or Playwright was just installed or updated. â•‘
    â•‘ Please run the following command to download new browsers:              â•‘
    â•‘                                                                         â•‘
    â•‘     npx playwright install                                              â•‘
    â•‘                                                                         â•‘
    â•‘ <3 Playwright Team                                                      â•‘
    â•šâ•â•â•â•â•â•â•â•â•â•â•â•â•â•â•â•â•â•â•â•â•â•â•â•â•â•â•â•â•â•â•â•â•â•â•â•â•â•â•â•â•â•â•â•â•â•â•â•â•â•â•â•â•â•â•â•â•â•â•â•â•â•â•â•â•â•â•â•â•â•â•â•â•â•
]]>
</failure>
</testcase>
<testcase name="ACIM Guide - Debug and UX Testing â€º â™¿ Accessibility and usability check" classname="tests/acim-guide-debug.spec.ts" time="0.002">
<failure message="acim-guide-debug.spec.ts:226:7 â™¿ Accessibility and usability check" type="FAILURE">
<![CDATA[  [firefox] â€º tests/acim-guide-debug.spec.ts:226:7 â€º ACIM Guide - Debug and UX Testing â€º â™¿ Accessibility and usability check 

    Error: browserType.launch: Executable doesn't exist at /home/am/.cache/ms-playwright/firefox-1489/firefox/firefox
    â•”â•â•â•â•â•â•â•â•â•â•â•â•â•â•â•â•â•â•â•â•â•â•â•â•â•â•â•â•â•â•â•â•â•â•â•â•â•â•â•â•â•â•â•â•â•â•â•â•â•â•â•â•â•â•â•â•â•â•â•â•â•â•â•â•â•â•â•â•â•â•â•â•â•â•—
    â•‘ Looks like Playwright Test or Playwright was just installed or updated. â•‘
    â•‘ Please run the following command to download new browsers:              â•‘
    â•‘                                                                         â•‘
    â•‘     npx playwright install                                              â•‘
    â•‘                                                                         â•‘
    â•‘ <3 Playwright Team                                                      â•‘
    â•šâ•â•â•â•â•â•â•â•â•â•â•â•â•â•â•â•â•â•â•â•â•â•â•â•â•â•â•â•â•â•â•â•â•â•â•â•â•â•â•â•â•â•â•â•â•â•â•â•â•â•â•â•â•â•â•â•â•â•â•â•â•â•â•â•â•â•â•â•â•â•â•â•â•â•
]]>
</failure>
</testcase>
<testcase name="ACIM Guide - Debug and UX Testing â€º ðŸ”§ Performance and loading check" classname="tests/acim-guide-debug.spec.ts" time="0.002">
<failure message="acim-guide-debug.spec.ts:251:7 ðŸ”§ Performance and loading check" type="FAILURE">
<![CDATA[  [firefox] â€º tests/acim-guide-debug.spec.ts:251:7 â€º ACIM Guide - Debug and UX Testing â€º ðŸ”§ Performance and loading check 

    Error: browserType.launch: Executable doesn't exist at /home/am/.cache/ms-playwright/firefox-1489/firefox/firefox
    â•”â•â•â•â•â•â•â•â•â•â•â•â•â•â•â•â•â•â•â•â•â•â•â•â•â•â•â•â•â•â•â•â•â•â•â•â•â•â•â•â•â•â•â•â•â•â•â•â•â•â•â•â•â•â•â•â•â•â•â•â•â•â•â•â•â•â•â•â•â•â•â•â•â•â•—
    â•‘ Looks like Playwright Test or Playwright was just installed or updated. â•‘
    â•‘ Please run the following command to download new browsers:              â•‘
    â•‘                                                                         â•‘
    â•‘     npx playwright install                                              â•‘
    â•‘                                                                         â•‘
    â•‘ <3 Playwright Team                                                      â•‘
    â•šâ•â•â•â•â•â•â•â•â•â•â•â•â•â•â•â•â•â•â•â•â•â•â•â•â•â•â•â•â•â•â•â•â•â•â•â•â•â•â•â•â•â•â•â•â•â•â•â•â•â•â•â•â•â•â•â•â•â•â•â•â•â•â•â•â•â•â•â•â•â•â•â•â•â•
]]>
</failure>
</testcase>
<testcase name="ACIM Guide - Debug and UX Testing â€º ðŸ“¸ Visual regression test - take screenshots" classname="tests/acim-guide-debug.spec.ts" time="0.002">
<failure message="acim-guide-debug.spec.ts:288:7 ðŸ“¸ Visual regression test - take screenshots" type="FAILURE">
<![CDATA[  [firefox] â€º tests/acim-guide-debug.spec.ts:288:7 â€º ACIM Guide - Debug and UX Testing â€º ðŸ“¸ Visual regression test - take screenshots 

    Error: browserType.launch: Executable doesn't exist at /home/am/.cache/ms-playwright/firefox-1489/firefox/firefox
    â•”â•â•â•â•â•â•â•â•â•â•â•â•â•â•â•â•â•â•â•â•â•â•â•â•â•â•â•â•â•â•â•â•â•â•â•â•â•â•â•â•â•â•â•â•â•â•â•â•â•â•â•â•â•â•â•â•â•â•â•â•â•â•â•â•â•â•â•â•â•â•â•â•â•â•—
    â•‘ Looks like Playwright Test or Playwright was just installed or updated. â•‘
    â•‘ Please run the following command to download new browsers:              â•‘
    â•‘                                                                         â•‘
    â•‘     npx playwright install                                              â•‘
    â•‘                                                                         â•‘
    â•‘ <3 Playwright Team                                                      â•‘
    â•šâ•â•â•â•â•â•â•â•â•â•â•â•â•â•â•â•â•â•â•â•â•â•â•â•â•â•â•â•â•â•â•â•â•â•â•â•â•â•â•â•â•â•â•â•â•â•â•â•â•â•â•â•â•â•â•â•â•â•â•â•â•â•â•â•â•â•â•â•â•â•â•â•â•â•
]]>
</failure>
</testcase>
<testcase name="ACIM Guide - Specific Firebase Debug â€º ðŸ”¥ Debug Firebase Functions specifically" classname="tests/acim-guide-debug.spec.ts" time="0.002">
<failure message="acim-guide-debug.spec.ts:310:7 ðŸ”¥ Debug Firebase Functions specifically" type="FAILURE">
<![CDATA[  [firefox] â€º tests/acim-guide-debug.spec.ts:310:7 â€º ACIM Guide - Specific Firebase Debug â€º ðŸ”¥ Debug Firebase Functions specifically 

    Error: browserType.launch: Executable doesn't exist at /home/am/.cache/ms-playwright/firefox-1489/firefox/firefox
    â•”â•â•â•â•â•â•â•â•â•â•â•â•â•â•â•â•â•â•â•â•â•â•â•â•â•â•â•â•â•â•â•â•â•â•â•â•â•â•â•â•â•â•â•â•â•â•â•â•â•â•â•â•â•â•â•â•â•â•â•â•â•â•â•â•â•â•â•â•â•â•â•â•â•â•—
    â•‘ Looks like Playwright Test or Playwright was just installed or updated. â•‘
    â•‘ Please run the following command to download new browsers:              â•‘
    â•‘                                                                         â•‘
    â•‘     npx playwright install                                              â•‘
    â•‘                                                                         â•‘
    â•‘ <3 Playwright Team                                                      â•‘
    â•šâ•â•â•â•â•â•â•â•â•â•â•â•â•â•â•â•â•â•â•â•â•â•â•â•â•â•â•â•â•â•â•â•â•â•â•â•â•â•â•â•â•â•â•â•â•â•â•â•â•â•â•â•â•â•â•â•â•â•â•â•â•â•â•â•â•â•â•â•â•â•â•â•â•â•
]]>
</failure>
</testcase>
</testsuite>
<testsuite name="tests/acim-guide-debug.spec.ts" timestamp="2025-08-12T21:47:04.442Z" hostname="webkit" tests="11" failures="11" skipped="0" time="0.027" errors="0">
<testcase name="ACIM Guide - Debug and UX Testing â€º âœ… Page loads successfully with correct title and branding" classname="tests/acim-guide-debug.spec.ts" time="0.002">
<failure message="acim-guide-debug.spec.ts:15:7 âœ… Page loads successfully with correct title and branding" type="FAILURE">
<![CDATA[  [webkit] â€º tests/acim-guide-debug.spec.ts:15:7 â€º ACIM Guide - Debug and UX Testing â€º âœ… Page loads successfully with correct title and branding 

    Error: browserType.launch: Executable doesn't exist at /home/am/.cache/ms-playwright/webkit-2191/pw_run.sh
    â•”â•â•â•â•â•â•â•â•â•â•â•â•â•â•â•â•â•â•â•â•â•â•â•â•â•â•â•â•â•â•â•â•â•â•â•â•â•â•â•â•â•â•â•â•â•â•â•â•â•â•â•â•â•â•â•â•â•â•â•â•â•â•â•â•â•â•â•â•â•â•â•â•â•â•—
    â•‘ Looks like Playwright Test or Playwright was just installed or updated. â•‘
    â•‘ Please run the following command to download new browsers:              â•‘
    â•‘                                                                         â•‘
    â•‘     npx playwright install                                              â•‘
    â•‘                                                                         â•‘
    â•‘ <3 Playwright Team                                                      â•‘
    â•šâ•â•â•â•â•â•â•â•â•â•â•â•â•â•â•â•â•â•â•â•â•â•â•â•â•â•â•â•â•â•â•â•â•â•â•â•â•â•â•â•â•â•â•â•â•â•â•â•â•â•â•â•â•â•â•â•â•â•â•â•â•â•â•â•â•â•â•â•â•â•â•â•â•â•
]]>
</failure>
</testcase>
<testcase name="ACIM Guide - Debug and UX Testing â€º ðŸ”§ Firebase authentication and connection status" classname="tests/acim-guide-debug.spec.ts" time="0.002">
<failure message="acim-guide-debug.spec.ts:29:7 ðŸ”§ Firebase authentication and connection status" type="FAILURE">
<![CDATA[  [webkit] â€º tests/acim-guide-debug.spec.ts:29:7 â€º ACIM Guide - Debug and UX Testing â€º ðŸ”§ Firebase authentication and connection status 

    Error: browserType.launch: Executable doesn't exist at /home/am/.cache/ms-playwright/webkit-2191/pw_run.sh
    â•”â•â•â•â•â•â•â•â•â•â•â•â•â•â•â•â•â•â•â•â•â•â•â•â•â•â•â•â•â•â•â•â•â•â•â•â•â•â•â•â•â•â•â•â•â•â•â•â•â•â•â•â•â•â•â•â•â•â•â•â•â•â•â•â•â•â•â•â•â•â•â•â•â•â•—
    â•‘ Looks like Playwright Test or Playwright was just installed or updated. â•‘
    â•‘ Please run the following command to download new browsers:              â•‘
    â•‘                                                                         â•‘
    â•‘     npx playwright install                                              â•‘
    â•‘                                                                         â•‘
    â•‘ <3 Playwright Team                                                      â•‘
    â•šâ•â•â•â•â•â•â•â•â•â•â•â•â•â•â•â•â•â•â•â•â•â•â•â•â•â•â•â•â•â•â•â•â•â•â•â•â•â•â•â•â•â•â•â•â•â•â•â•â•â•â•â•â•â•â•â•â•â•â•â•â•â•â•â•â•â•â•â•â•â•â•â•â•â•
]]>
</failure>
</testcase>
<testcase name="ACIM Guide - Debug and UX Testing â€º ðŸ’¬ Chat interface is functional and accessible" classname="tests/acim-guide-debug.spec.ts" time="0.002">
<failure message="acim-guide-debug.spec.ts:60:7 ðŸ’¬ Chat interface is functional and accessible" type="FAILURE">
<![CDATA[  [webkit] â€º tests/acim-guide-debug.spec.ts:60:7 â€º ACIM Guide - Debug and UX Testing â€º ðŸ’¬ Chat interface is functional and accessible 

    Error: browserType.launch: Executable doesn't exist at /home/am/.cache/ms-playwright/webkit-2191/pw_run.sh
    â•”â•â•â•â•â•â•â•â•â•â•â•â•â•â•â•â•â•â•â•â•â•â•â•â•â•â•â•â•â•â•â•â•â•â•â•â•â•â•â•â•â•â•â•â•â•â•â•â•â•â•â•â•â•â•â•â•â•â•â•â•â•â•â•â•â•â•â•â•â•â•â•â•â•â•—
    â•‘ Looks like Playwright Test or Playwright was just installed or updated. â•‘
    â•‘ Please run the following command to download new browsers:              â•‘
    â•‘                                                                         â•‘
    â•‘     npx playwright install                                              â•‘
    â•‘                                                                         â•‘
    â•‘ <3 Playwright Team                                                      â•‘
    â•šâ•â•â•â•â•â•â•â•â•â•â•â•â•â•â•â•â•â•â•â•â•â•â•â•â•â•â•â•â•â•â•â•â•â•â•â•â•â•â•â•â•â•â•â•â•â•â•â•â•â•â•â•â•â•â•â•â•â•â•â•â•â•â•â•â•â•â•â•â•â•â•â•â•â•
]]>
</failure>
</testcase>
<testcase name="ACIM Guide - Debug and UX Testing â€º ðŸŽ¯ Quick action buttons are present and functional" classname="tests/acim-guide-debug.spec.ts" time="0.002">
<failure message="acim-guide-debug.spec.ts:85:7 ðŸŽ¯ Quick action buttons are present and functional" type="FAILURE">
<![CDATA[  [webkit] â€º tests/acim-guide-debug.spec.ts:85:7 â€º ACIM Guide - Debug and UX Testing â€º ðŸŽ¯ Quick action buttons are present and functional 

    Error: browserType.launch: Executable doesn't exist at /home/am/.cache/ms-playwright/webkit-2191/pw_run.sh
    â•”â•â•â•â•â•â•â•â•â•â•â•â•â•â•â•â•â•â•â•â•â•â•â•â•â•â•â•â•â•â•â•â•â•â•â•â•â•â•â•â•â•â•â•â•â•â•â•â•â•â•â•â•â•â•â•â•â•â•â•â•â•â•â•â•â•â•â•â•â•â•â•â•â•â•—
    â•‘ Looks like Playwright Test or Playwright was just installed or updated. â•‘
    â•‘ Please run the following command to download new browsers:              â•‘
    â•‘                                                                         â•‘
    â•‘     npx playwright install                                              â•‘
    â•‘                                                                         â•‘
    â•‘ <3 Playwright Team                                                      â•‘
    â•šâ•â•â•â•â•â•â•â•â•â•â•â•â•â•â•â•â•â•â•â•â•â•â•â•â•â•â•â•â•â•â•â•â•â•â•â•â•â•â•â•â•â•â•â•â•â•â•â•â•â•â•â•â•â•â•â•â•â•â•â•â•â•â•â•â•â•â•â•â•â•â•â•â•â•
]]>
</failure>
</testcase>
<testcase name="ACIM Guide - Debug and UX Testing â€º ðŸ“± Responsive design works on mobile" classname="tests/acim-guide-debug.spec.ts" time="0.003">
<failure message="acim-guide-debug.spec.ts:109:7 ðŸ“± Responsive design works on mobile" type="FAILURE">
<![CDATA[  [webkit] â€º tests/acim-guide-debug.spec.ts:109:7 â€º ACIM Guide - Debug and UX Testing â€º ðŸ“± Responsive design works on mobile 

    Error: browserType.launch: Executable doesn't exist at /home/am/.cache/ms-playwright/webkit-2191/pw_run.sh
    â•”â•â•â•â•â•â•â•â•â•â•â•â•â•â•â•â•â•â•â•â•â•â•â•â•â•â•â•â•â•â•â•â•â•â•â•â•â•â•â•â•â•â•â•â•â•â•â•â•â•â•â•â•â•â•â•â•â•â•â•â•â•â•â•â•â•â•â•â•â•â•â•â•â•â•—
    â•‘ Looks like Playwright Test or Playwright was just installed or updated. â•‘
    â•‘ Please run the following command to download new browsers:              â•‘
    â•‘                                                                         â•‘
    â•‘     npx playwright install                                              â•‘
    â•‘                                                                         â•‘
    â•‘ <3 Playwright Team                                                      â•‘
    â•šâ•â•â•â•â•â•â•â•â•â•â•â•â•â•â•â•â•â•â•â•â•â•â•â•â•â•â•â•â•â•â•â•â•â•â•â•â•â•â•â•â•â•â•â•â•â•â•â•â•â•â•â•â•â•â•â•â•â•â•â•â•â•â•â•â•â•â•â•â•â•â•â•â•â•
]]>
</failure>
</testcase>
<testcase name="ACIM Guide - Debug and UX Testing â€º ðŸ” Debug actual chat functionality with Firebase" classname="tests/acim-guide-debug.spec.ts" time="0.003">
<failure message="acim-guide-debug.spec.ts:131:7 ðŸ” Debug actual chat functionality with Firebase" type="FAILURE">
<![CDATA[  [webkit] â€º tests/acim-guide-debug.spec.ts:131:7 â€º ACIM Guide - Debug and UX Testing â€º ðŸ” Debug actual chat functionality with Firebase 

    Error: browserType.launch: Executable doesn't exist at /home/am/.cache/ms-playwright/webkit-2191/pw_run.sh
    â•”â•â•â•â•â•â•â•â•â•â•â•â•â•â•â•â•â•â•â•â•â•â•â•â•â•â•â•â•â•â•â•â•â•â•â•â•â•â•â•â•â•â•â•â•â•â•â•â•â•â•â•â•â•â•â•â•â•â•â•â•â•â•â•â•â•â•â•â•â•â•â•â•â•â•—
    â•‘ Looks like Playwright Test or Playwright was just installed or updated. â•‘
    â•‘ Please run the following command to download new browsers:              â•‘
    â•‘                                                                         â•‘
    â•‘     npx playwright install                                              â•‘
    â•‘                                                                         â•‘
    â•‘ <3 Playwright Team                                                      â•‘
    â•šâ•â•â•â•â•â•â•â•â•â•â•â•â•â•â•â•â•â•â•â•â•â•â•â•â•â•â•â•â•â•â•â•â•â•â•â•â•â•â•â•â•â•â•â•â•â•â•â•â•â•â•â•â•â•â•â•â•â•â•â•â•â•â•â•â•â•â•â•â•â•â•â•â•â•
]]>
</failure>
</testcase>
<testcase name="ACIM Guide - Debug and UX Testing â€º ðŸŽ¨ Visual design and styling check" classname="tests/acim-guide-debug.spec.ts" time="0.003">
<failure message="acim-guide-debug.spec.ts:201:7 ðŸŽ¨ Visual design and styling check" type="FAILURE">
<![CDATA[  [webkit] â€º tests/acim-guide-debug.spec.ts:201:7 â€º ACIM Guide - Debug and UX Testing â€º ðŸŽ¨ Visual design and styling check 

    Error: browserType.launch: Executable doesn't exist at /home/am/.cache/ms-playwright/webkit-2191/pw_run.sh
    â•”â•â•â•â•â•â•â•â•â•â•â•â•â•â•â•â•â•â•â•â•â•â•â•â•â•â•â•â•â•â•â•â•â•â•â•â•â•â•â•â•â•â•â•â•â•â•â•â•â•â•â•â•â•â•â•â•â•â•â•â•â•â•â•â•â•â•â•â•â•â•â•â•â•â•—
    â•‘ Looks like Playwright Test or Playwright was just installed or updated. â•‘
    â•‘ Please run the following command to download new browsers:              â•‘
    â•‘                                                                         â•‘
    â•‘     npx playwright install                                              â•‘
    â•‘                                                                         â•‘
    â•‘ <3 Playwright Team                                                      â•‘
    â•šâ•â•â•â•â•â•â•â•â•â•â•â•â•â•â•â•â•â•â•â•â•â•â•â•â•â•â•â•â•â•â•â•â•â•â•â•â•â•â•â•â•â•â•â•â•â•â•â•â•â•â•â•â•â•â•â•â•â•â•â•â•â•â•â•â•â•â•â•â•â•â•â•â•â•
]]>
</failure>
</testcase>
<testcase name="ACIM Guide - Debug and UX Testing â€º â™¿ Accessibility and usability check" classname="tests/acim-guide-debug.spec.ts" time="0.002">
<failure message="acim-guide-debug.spec.ts:226:7 â™¿ Accessibility and usability check" type="FAILURE">
<![CDATA[  [webkit] â€º tests/acim-guide-debug.spec.ts:226:7 â€º ACIM Guide - Debug and UX Testing â€º â™¿ Accessibility and usability check 

    Error: browserType.launch: Executable doesn't exist at /home/am/.cache/ms-playwright/webkit-2191/pw_run.sh
    â•”â•â•â•â•â•â•â•â•â•â•â•â•â•â•â•â•â•â•â•â•â•â•â•â•â•â•â•â•â•â•â•â•â•â•â•â•â•â•â•â•â•â•â•â•â•â•â•â•â•â•â•â•â•â•â•â•â•â•â•â•â•â•â•â•â•â•â•â•â•â•â•â•â•â•—
    â•‘ Looks like Playwright Test or Playwright was just installed or updated. â•‘
    â•‘ Please run the following command to download new browsers:              â•‘
    â•‘                                                                         â•‘
    â•‘     npx playwright install                                              â•‘
    â•‘                                                                         â•‘
    â•‘ <3 Playwright Team                                                      â•‘
    â•šâ•â•â•â•â•â•â•â•â•â•â•â•â•â•â•â•â•â•â•â•â•â•â•â•â•â•â•â•â•â•â•â•â•â•â•â•â•â•â•â•â•â•â•â•â•â•â•â•â•â•â•â•â•â•â•â•â•â•â•â•â•â•â•â•â•â•â•â•â•â•â•â•â•â•
]]>
</failure>
</testcase>
<testcase name="ACIM Guide - Debug and UX Testing â€º ðŸ”§ Performance and loading check" classname="tests/acim-guide-debug.spec.ts" time="0.003">
<failure message="acim-guide-debug.spec.ts:251:7 ðŸ”§ Performance and loading check" type="FAILURE">
<![CDATA[  [webkit] â€º tests/acim-guide-debug.spec.ts:251:7 â€º ACIM Guide - Debug and UX Testing â€º ðŸ”§ Performance and loading check 

    Error: browserType.launch: Executable doesn't exist at /home/am/.cache/ms-playwright/webkit-2191/pw_run.sh
    â•”â•â•â•â•â•â•â•â•â•â•â•â•â•â•â•â•â•â•â•â•â•â•â•â•â•â•â•â•â•â•â•â•â•â•â•â•â•â•â•â•â•â•â•â•â•â•â•â•â•â•â•â•â•â•â•â•â•â•â•â•â•â•â•â•â•â•â•â•â•â•â•â•â•â•—
    â•‘ Looks like Playwright Test or Playwright was just installed or updated. â•‘
    â•‘ Please run the following command to download new browsers:              â•‘
    â•‘                                                                         â•‘
    â•‘     npx playwright install                                              â•‘
    â•‘                                                                         â•‘
    â•‘ <3 Playwright Team                                                      â•‘
    â•šâ•â•â•â•â•â•â•â•â•â•â•â•â•â•â•â•â•â•â•â•â•â•â•â•â•â•â•â•â•â•â•â•â•â•â•â•â•â•â•â•â•â•â•â•â•â•â•â•â•â•â•â•â•â•â•â•â•â•â•â•â•â•â•â•â•â•â•â•â•â•â•â•â•â•
]]>
</failure>
</testcase>
<testcase name="ACIM Guide - Debug and UX Testing â€º ðŸ“¸ Visual regression test - take screenshots" classname="tests/acim-guide-debug.spec.ts" time="0.003">
<failure message="acim-guide-debug.spec.ts:288:7 ðŸ“¸ Visual regression test - take screenshots" type="FAILURE">
<![CDATA[  [webkit] â€º tests/acim-guide-debug.spec.ts:288:7 â€º ACIM Guide - Debug and UX Testing â€º ðŸ“¸ Visual regression test - take screenshots 

    Error: browserType.launch: Executable doesn't exist at /home/am/.cache/ms-playwright/webkit-2191/pw_run.sh
    â•”â•â•â•â•â•â•â•â•â•â•â•â•â•â•â•â•â•â•â•â•â•â•â•â•â•â•â•â•â•â•â•â•â•â•â•â•â•â•â•â•â•â•â•â•â•â•â•â•â•â•â•â•â•â•â•â•â•â•â•â•â•â•â•â•â•â•â•â•â•â•â•â•â•â•—
    â•‘ Looks like Playwright Test or Playwright was just installed or updated. â•‘
    â•‘ Please run the following command to download new browsers:              â•‘
    â•‘                                                                         â•‘
    â•‘     npx playwright install                                              â•‘
    â•‘                                                                         â•‘
    â•‘ <3 Playwright Team                                                      â•‘
    â•šâ•â•â•â•â•â•â•â•â•â•â•â•â•â•â•â•â•â•â•â•â•â•â•â•â•â•â•â•â•â•â•â•â•â•â•â•â•â•â•â•â•â•â•â•â•â•â•â•â•â•â•â•â•â•â•â•â•â•â•â•â•â•â•â•â•â•â•â•â•â•â•â•â•â•
]]>
</failure>
</testcase>
<testcase name="ACIM Guide - Specific Firebase Debug â€º ðŸ”¥ Debug Firebase Functions specifically" classname="tests/acim-guide-debug.spec.ts" time="0.002">
<failure message="acim-guide-debug.spec.ts:310:7 ðŸ”¥ Debug Firebase Functions specifically" type="FAILURE">
<![CDATA[  [webkit] â€º tests/acim-guide-debug.spec.ts:310:7 â€º ACIM Guide - Specific Firebase Debug â€º ðŸ”¥ Debug Firebase Functions specifically 

    Error: browserType.launch: Executable doesn't exist at /home/am/.cache/ms-playwright/webkit-2191/pw_run.sh
    â•”â•â•â•â•â•â•â•â•â•â•â•â•â•â•â•â•â•â•â•â•â•â•â•â•â•â•â•â•â•â•â•â•â•â•â•â•â•â•â•â•â•â•â•â•â•â•â•â•â•â•â•â•â•â•â•â•â•â•â•â•â•â•â•â•â•â•â•â•â•â•â•â•â•â•—
    â•‘ Looks like Playwright Test or Playwright was just installed or updated. â•‘
    â•‘ Please run the following command to download new browsers:              â•‘
    â•‘                                                                         â•‘
    â•‘     npx playwright install                                              â•‘
    â•‘                                                                         â•‘
    â•‘ <3 Playwright Team                                                      â•‘
    â•šâ•â•â•â•â•â•â•â•â•â•â•â•â•â•â•â•â•â•â•â•â•â•â•â•â•â•â•â•â•â•â•â•â•â•â•â•â•â•â•â•â•â•â•â•â•â•â•â•â•â•â•â•â•â•â•â•â•â•â•â•â•â•â•â•â•â•â•â•â•â•â•â•â•â•
]]>
</failure>
</testcase>
</testsuite>
<testsuite name="tests/acim-guide-debug.spec.ts" timestamp="2025-08-12T21:47:04.442Z" hostname="Mobile Chrome" tests="11" failures="1" skipped="0" time="47.17" errors="0">
<testcase name="ACIM Guide - Debug and UX Testing â€º âœ… Page loads successfully with correct title and branding" classname="tests/acim-guide-debug.spec.ts" time="3.333">
</testcase>
<testcase name="ACIM Guide - Debug and UX Testing â€º ðŸ”§ Firebase authentication and connection status" classname="tests/acim-guide-debug.spec.ts" time="8.505">
<failure message="acim-guide-debug.spec.ts:29:7 ðŸ”§ Firebase authentication and connection status" type="FAILURE">
<![CDATA[  [Mobile Chrome] â€º tests/acim-guide-debug.spec.ts:29:7 â€º ACIM Guide - Debug and UX Testing â€º ðŸ”§ Firebase authentication and connection status 

    Error: Timed out 5000ms waiting for expect(locator).toContainText(expected)

    Locator: locator('#status')
    Expected string: "Initializing ACIMguide"
    Received string: "âœ… Connected! Your spiritual companion is ready."
    Call log:
      - Expect "toContainText" with timeout 5000ms
      - waiting for locator('#status')
        9 Ã— locator resolved to <div id="status" class="status">âœ… Connected! Your spiritual companion is ready.</div>
          - unexpected value "âœ… Connected! Your spiritual companion is ready."


      33 |     
      34 |     // Check initial loading state
    > 35 |     await expect(statusElement).toContainText('Initializing ACIMguide');
         |                                 ^
      36 |     
      37 |     // Wait for authentication to complete (up to 10 seconds)
      38 |     await page.waitForFunction(() => {
        at /home/am/TestAlex/e2e/tests/acim-guide-debug.spec.ts:35:33

    attachment #1: screenshot (image/png) â”€â”€â”€â”€â”€â”€â”€â”€â”€â”€â”€â”€â”€â”€â”€â”€â”€â”€â”€â”€â”€â”€â”€â”€â”€â”€â”€â”€â”€â”€â”€â”€â”€â”€â”€â”€â”€â”€â”€â”€â”€â”€â”€â”€â”€â”€â”€â”€â”€â”€â”€â”€â”€â”€â”€â”€â”€â”€
    ../test-results/tests-acim-guide-debug-ACI-93ac1-ation-and-connection-status-Mobile-Chrome/test-failed-1.png
    â”€â”€â”€â”€â”€â”€â”€â”€â”€â”€â”€â”€â”€â”€â”€â”€â”€â”€â”€â”€â”€â”€â”€â”€â”€â”€â”€â”€â”€â”€â”€â”€â”€â”€â”€â”€â”€â”€â”€â”€â”€â”€â”€â”€â”€â”€â”€â”€â”€â”€â”€â”€â”€â”€â”€â”€â”€â”€â”€â”€â”€â”€â”€â”€â”€â”€â”€â”€â”€â”€â”€â”€â”€â”€â”€â”€â”€â”€â”€â”€â”€â”€â”€â”€â”€â”€â”€â”€â”€â”€â”€â”€â”€â”€â”€â”€

    attachment #2: video (video/webm) â”€â”€â”€â”€â”€â”€â”€â”€â”€â”€â”€â”€â”€â”€â”€â”€â”€â”€â”€â”€â”€â”€â”€â”€â”€â”€â”€â”€â”€â”€â”€â”€â”€â”€â”€â”€â”€â”€â”€â”€â”€â”€â”€â”€â”€â”€â”€â”€â”€â”€â”€â”€â”€â”€â”€â”€â”€â”€â”€â”€â”€â”€
    ../test-results/tests-acim-guide-debug-ACI-93ac1-ation-and-connection-status-Mobile-Chrome/video.webm
    â”€â”€â”€â”€â”€â”€â”€â”€â”€â”€â”€â”€â”€â”€â”€â”€â”€â”€â”€â”€â”€â”€â”€â”€â”€â”€â”€â”€â”€â”€â”€â”€â”€â”€â”€â”€â”€â”€â”€â”€â”€â”€â”€â”€â”€â”€â”€â”€â”€â”€â”€â”€â”€â”€â”€â”€â”€â”€â”€â”€â”€â”€â”€â”€â”€â”€â”€â”€â”€â”€â”€â”€â”€â”€â”€â”€â”€â”€â”€â”€â”€â”€â”€â”€â”€â”€â”€â”€â”€â”€â”€â”€â”€â”€â”€â”€

    Error Context: ../test-results/tests-acim-guide-debug-ACI-93ac1-ation-and-connection-status-Mobile-Chrome/error-context.md
]]>
</failure>
<system-out>
<![CDATA[
[[ATTACHMENT|tests-acim-guide-debug-ACI-93ac1-ation-and-connection-status-Mobile-Chrome/test-failed-1.png]]

[[ATTACHMENT|tests-acim-guide-debug-ACI-93ac1-ation-and-connection-status-Mobile-Chrome/video.webm]]

[[ATTACHMENT|tests-acim-guide-debug-ACI-93ac1-ation-and-connection-status-Mobile-Chrome/error-context.md]]
]]>
</system-out>
</testcase>
<testcase name="ACIM Guide - Debug and UX Testing â€º ðŸ’¬ Chat interface is functional and accessible" classname="tests/acim-guide-debug.spec.ts" time="3.373">
</testcase>
<testcase name="ACIM Guide - Debug and UX Testing â€º ðŸŽ¯ Quick action buttons are present and functional" classname="tests/acim-guide-debug.spec.ts" time="2.997">
</testcase>
<testcase name="ACIM Guide - Debug and UX Testing â€º ðŸ“± Responsive design works on mobile" classname="tests/acim-guide-debug.spec.ts" time="3.074">
</testcase>
<testcase name="ACIM Guide - Debug and UX Testing â€º ðŸ” Debug actual chat functionality with Firebase" classname="tests/acim-guide-debug.spec.ts" time="3.035">
<system-out>
<![CDATA[âœ… Assistant responded successfully
Response preview: âŒ Error connecting to CourseGPT: internalPlease try again or contact support if the issue persists....

=== DEBUG INFORMATION ===
Console logs: [
  [32m"error: Access to fetch at 'https://us-central1-acim-guide-production.cloudfunctions.net/chatWithAssistant' from origin 'https://acim-guide-production.web.app' has been blocked by CORS policy: Response to preflight request doesn't pass access control check: No 'Access-Control-Allow-Origin' header is present on the requested resource."[39m,
  [32m'error: Failed to load resource: net::ERR_FAILED'[39m,
  [32m'error: âŒ Error calling CourseGPT: FirebaseError: internal'[39m
]
Network requests: [
  [32m'POST https://us-central1-acim-guide-production.cloudfunctions.net/chatWithAssistant'[39m
]
]]>
</system-out>
</testcase>
<testcase name="ACIM Guide - Debug and UX Testing â€º ðŸŽ¨ Visual design and styling check" classname="tests/acim-guide-debug.spec.ts" time="2.689">
</testcase>
<testcase name="ACIM Guide - Debug and UX Testing â€º â™¿ Accessibility and usability check" classname="tests/acim-guide-debug.spec.ts" time="2.544">
</testcase>
<testcase name="ACIM Guide - Debug and UX Testing â€º ðŸ”§ Performance and loading check" classname="tests/acim-guide-debug.spec.ts" time="6.2">
<system-out>
<![CDATA[Page load time: 1052ms
Console errors found: [
  [32m'Failed to load resource: the server responded with a status of 400 ()'[39m
]
]]>
</system-out>
</testcase>
<testcase name="ACIM Guide - Debug and UX Testing â€º ðŸ“¸ Visual regression test - take screenshots" classname="tests/acim-guide-debug.spec.ts" time="4.573">
<system-out>
<![CDATA[Screenshots saved for visual review
]]>
</system-out>
</testcase>
<testcase name="ACIM Guide - Specific Firebase Debug â€º ðŸ”¥ Debug Firebase Functions specifically" classname="tests/acim-guide-debug.spec.ts" time="6.847">
<system-out>
<![CDATA[Firebase function calls: [
  {
    url: [32m'https://acim-guide-production.firebaseapp.com/__/auth/iframe?apiKey=AIzaSyCyGw7AioVfQ3sfxlW1kWnlsNnrQAmymwU&appName=%5BDEFAULT%5D&v=10.7.1&eid=p&usegapi=1&jsh=m%3B%2F_%2Fscs%2Fabc-static%2F_%2Fjs%2Fk%3Dgapi.lb.en.iFs_Bhrqdio.O%2Fd%3D1%2Frs%3DAHpOoo-IvlQWaLHZdUKQFbafXd_3OEvU9Q%2Fm%3D__features__'[39m,
    status: [33m200[39m,
    statusText: [32m''[39m
  },
  {
    url: [32m'https://acim-guide-production.firebaseapp.com/__/auth/iframe.js'[39m,
    status: [33m200[39m,
    statusText: [32m''[39m
  }
]
âŒ No Firebase function call detected
]]>
</system-out>
</testcase>
</testsuite>
<testsuite name="tests/acim-guide-debug.spec.ts" timestamp="2025-08-12T21:47:04.442Z" hostname="Mobile Safari" tests="11" failures="11" skipped="0" time="0.025" errors="0">
<testcase name="ACIM Guide - Debug and UX Testing â€º âœ… Page loads successfully with correct title and branding" classname="tests/acim-guide-debug.spec.ts" time="0.003">
<failure message="acim-guide-debug.spec.ts:15:7 âœ… Page loads successfully with correct title and branding" type="FAILURE">
<![CDATA[  [Mobile Safari] â€º tests/acim-guide-debug.spec.ts:15:7 â€º ACIM Guide - Debug and UX Testing â€º âœ… Page loads successfully with correct title and branding 

    Error: browserType.launch: Executable doesn't exist at /home/am/.cache/ms-playwright/webkit-2191/pw_run.sh
    â•”â•â•â•â•â•â•â•â•â•â•â•â•â•â•â•â•â•â•â•â•â•â•â•â•â•â•â•â•â•â•â•â•â•â•â•â•â•â•â•â•â•â•â•â•â•â•â•â•â•â•â•â•â•â•â•â•â•â•â•â•â•â•â•â•â•â•â•â•â•â•â•â•â•â•—
    â•‘ Looks like Playwright Test or Playwright was just installed or updated. â•‘
    â•‘ Please run the following command to download new browsers:              â•‘
    â•‘                                                                         â•‘
    â•‘     npx playwright install                                              â•‘
    â•‘                                                                         â•‘
    â•‘ <3 Playwright Team                                                      â•‘
    â•šâ•â•â•â•â•â•â•â•â•â•â•â•â•â•â•â•â•â•â•â•â•â•â•â•â•â•â•â•â•â•â•â•â•â•â•â•â•â•â•â•â•â•â•â•â•â•â•â•â•â•â•â•â•â•â•â•â•â•â•â•â•â•â•â•â•â•â•â•â•â•â•â•â•â•
]]>
</failure>
</testcase>
<testcase name="ACIM Guide - Debug and UX Testing â€º ðŸ”§ Firebase authentication and connection status" classname="tests/acim-guide-debug.spec.ts" time="0.002">
<failure message="acim-guide-debug.spec.ts:29:7 ðŸ”§ Firebase authentication and connection status" type="FAILURE">
<![CDATA[  [Mobile Safari] â€º tests/acim-guide-debug.spec.ts:29:7 â€º ACIM Guide - Debug and UX Testing â€º ðŸ”§ Firebase authentication and connection status 

    Error: browserType.launch: Executable doesn't exist at /home/am/.cache/ms-playwright/webkit-2191/pw_run.sh
    â•”â•â•â•â•â•â•â•â•â•â•â•â•â•â•â•â•â•â•â•â•â•â•â•â•â•â•â•â•â•â•â•â•â•â•â•â•â•â•â•â•â•â•â•â•â•â•â•â•â•â•â•â•â•â•â•â•â•â•â•â•â•â•â•â•â•â•â•â•â•â•â•â•â•â•—
    â•‘ Looks like Playwright Test or Playwright was just installed or updated. â•‘
    â•‘ Please run the following command to download new browsers:              â•‘
    â•‘                                                                         â•‘
    â•‘     npx playwright install                                              â•‘
    â•‘                                                                         â•‘
    â•‘ <3 Playwright Team                                                      â•‘
    â•šâ•â•â•â•â•â•â•â•â•â•â•â•â•â•â•â•â•â•â•â•â•â•â•â•â•â•â•â•â•â•â•â•â•â•â•â•â•â•â•â•â•â•â•â•â•â•â•â•â•â•â•â•â•â•â•â•â•â•â•â•â•â•â•â•â•â•â•â•â•â•â•â•â•â•
]]>
</failure>
</testcase>
<testcase name="ACIM Guide - Debug and UX Testing â€º ðŸ’¬ Chat interface is functional and accessible" classname="tests/acim-guide-debug.spec.ts" time="0.002">
<failure message="acim-guide-debug.spec.ts:60:7 ðŸ’¬ Chat interface is functional and accessible" type="FAILURE">
<![CDATA[  [Mobile Safari] â€º tests/acim-guide-debug.spec.ts:60:7 â€º ACIM Guide - Debug and UX Testing â€º ðŸ’¬ Chat interface is functional and accessible 

    Error: browserType.launch: Executable doesn't exist at /home/am/.cache/ms-playwright/webkit-2191/pw_run.sh
    â•”â•â•â•â•â•â•â•â•â•â•â•â•â•â•â•â•â•â•â•â•â•â•â•â•â•â•â•â•â•â•â•â•â•â•â•â•â•â•â•â•â•â•â•â•â•â•â•â•â•â•â•â•â•â•â•â•â•â•â•â•â•â•â•â•â•â•â•â•â•â•â•â•â•â•—
    â•‘ Looks like Playwright Test or Playwright was just installed or updated. â•‘
    â•‘ Please run the following command to download new browsers:              â•‘
    â•‘                                                                         â•‘
    â•‘     npx playwright install                                              â•‘
    â•‘                                                                         â•‘
    â•‘ <3 Playwright Team                                                      â•‘
    â•šâ•â•â•â•â•â•â•â•â•â•â•â•â•â•â•â•â•â•â•â•â•â•â•â•â•â•â•â•â•â•â•â•â•â•â•â•â•â•â•â•â•â•â•â•â•â•â•â•â•â•â•â•â•â•â•â•â•â•â•â•â•â•â•â•â•â•â•â•â•â•â•â•â•â•
]]>
</failure>
</testcase>
<testcase name="ACIM Guide - Debug and UX Testing â€º ðŸŽ¯ Quick action buttons are present and functional" classname="tests/acim-guide-debug.spec.ts" time="0.003">
<failure message="acim-guide-debug.spec.ts:85:7 ðŸŽ¯ Quick action buttons are present and functional" type="FAILURE">
<![CDATA[  [Mobile Safari] â€º tests/acim-guide-debug.spec.ts:85:7 â€º ACIM Guide - Debug and UX Testing â€º ðŸŽ¯ Quick action buttons are present and functional 

    Error: browserType.launch: Executable doesn't exist at /home/am/.cache/ms-playwright/webkit-2191/pw_run.sh
    â•”â•â•â•â•â•â•â•â•â•â•â•â•â•â•â•â•â•â•â•â•â•â•â•â•â•â•â•â•â•â•â•â•â•â•â•â•â•â•â•â•â•â•â•â•â•â•â•â•â•â•â•â•â•â•â•â•â•â•â•â•â•â•â•â•â•â•â•â•â•â•â•â•â•â•—
    â•‘ Looks like Playwright Test or Playwright was just installed or updated. â•‘
    â•‘ Please run the following command to download new browsers:              â•‘
    â•‘                                                                         â•‘
    â•‘     npx playwright install                                              â•‘
    â•‘                                                                         â•‘
    â•‘ <3 Playwright Team                                                      â•‘
    â•šâ•â•â•â•â•â•â•â•â•â•â•â•â•â•â•â•â•â•â•â•â•â•â•â•â•â•â•â•â•â•â•â•â•â•â•â•â•â•â•â•â•â•â•â•â•â•â•â•â•â•â•â•â•â•â•â•â•â•â•â•â•â•â•â•â•â•â•â•â•â•â•â•â•â•
]]>
</failure>
</testcase>
<testcase name="ACIM Guide - Debug and UX Testing â€º ðŸ“± Responsive design works on mobile" classname="tests/acim-guide-debug.spec.ts" time="0.002">
<failure message="acim-guide-debug.spec.ts:109:7 ðŸ“± Responsive design works on mobile" type="FAILURE">
<![CDATA[  [Mobile Safari] â€º tests/acim-guide-debug.spec.ts:109:7 â€º ACIM Guide - Debug and UX Testing â€º ðŸ“± Responsive design works on mobile 

    Error: browserType.launch: Executable doesn't exist at /home/am/.cache/ms-playwright/webkit-2191/pw_run.sh
    â•”â•â•â•â•â•â•â•â•â•â•â•â•â•â•â•â•â•â•â•â•â•â•â•â•â•â•â•â•â•â•â•â•â•â•â•â•â•â•â•â•â•â•â•â•â•â•â•â•â•â•â•â•â•â•â•â•â•â•â•â•â•â•â•â•â•â•â•â•â•â•â•â•â•â•—
    â•‘ Looks like Playwright Test or Playwright was just installed or updated. â•‘
    â•‘ Please run the following command to download new browsers:              â•‘
    â•‘                                                                         â•‘
    â•‘     npx playwright install                                              â•‘
    â•‘                                                                         â•‘
    â•‘ <3 Playwright Team                                                      â•‘
    â•šâ•â•â•â•â•â•â•â•â•â•â•â•â•â•â•â•â•â•â•â•â•â•â•â•â•â•â•â•â•â•â•â•â•â•â•â•â•â•â•â•â•â•â•â•â•â•â•â•â•â•â•â•â•â•â•â•â•â•â•â•â•â•â•â•â•â•â•â•â•â•â•â•â•â•
]]>
</failure>
</testcase>
<testcase name="ACIM Guide - Debug and UX Testing â€º ðŸ” Debug actual chat functionality with Firebase" classname="tests/acim-guide-debug.spec.ts" time="0.003">
<failure message="acim-guide-debug.spec.ts:131:7 ðŸ” Debug actual chat functionality with Firebase" type="FAILURE">
<![CDATA[  [Mobile Safari] â€º tests/acim-guide-debug.spec.ts:131:7 â€º ACIM Guide - Debug and UX Testing â€º ðŸ” Debug actual chat functionality with Firebase 

    Error: browserType.launch: Executable doesn't exist at /home/am/.cache/ms-playwright/webkit-2191/pw_run.sh
    â•”â•â•â•â•â•â•â•â•â•â•â•â•â•â•â•â•â•â•â•â•â•â•â•â•â•â•â•â•â•â•â•â•â•â•â•â•â•â•â•â•â•â•â•â•â•â•â•â•â•â•â•â•â•â•â•â•â•â•â•â•â•â•â•â•â•â•â•â•â•â•â•â•â•â•—
    â•‘ Looks like Playwright Test or Playwright was just installed or updated. â•‘
    â•‘ Please run the following command to download new browsers:              â•‘
    â•‘                                                                         â•‘
    â•‘     npx playwright install                                              â•‘
    â•‘                                                                         â•‘
    â•‘ <3 Playwright Team                                                      â•‘
    â•šâ•â•â•â•â•â•â•â•â•â•â•â•â•â•â•â•â•â•â•â•â•â•â•â•â•â•â•â•â•â•â•â•â•â•â•â•â•â•â•â•â•â•â•â•â•â•â•â•â•â•â•â•â•â•â•â•â•â•â•â•â•â•â•â•â•â•â•â•â•â•â•â•â•â•
]]>
</failure>
</testcase>
<testcase name="ACIM Guide - Debug and UX Testing â€º ðŸŽ¨ Visual design and styling check" classname="tests/acim-guide-debug.spec.ts" time="0.002">
<failure message="acim-guide-debug.spec.ts:201:7 ðŸŽ¨ Visual design and styling check" type="FAILURE">
<![CDATA[  [Mobile Safari] â€º tests/acim-guide-debug.spec.ts:201:7 â€º ACIM Guide - Debug and UX Testing â€º ðŸŽ¨ Visual design and styling check 

    Error: browserType.launch: Executable doesn't exist at /home/am/.cache/ms-playwright/webkit-2191/pw_run.sh
    â•”â•â•â•â•â•â•â•â•â•â•â•â•â•â•â•â•â•â•â•â•â•â•â•â•â•â•â•â•â•â•â•â•â•â•â•â•â•â•â•â•â•â•â•â•â•â•â•â•â•â•â•â•â•â•â•â•â•â•â•â•â•â•â•â•â•â•â•â•â•â•â•â•â•â•—
    â•‘ Looks like Playwright Test or Playwright was just installed or updated. â•‘
    â•‘ Please run the following command to download new browsers:              â•‘
    â•‘                                                                         â•‘
    â•‘     npx playwright install                                              â•‘
    â•‘                                                                         â•‘
    â•‘ <3 Playwright Team                                                      â•‘
    â•šâ•â•â•â•â•â•â•â•â•â•â•â•â•â•â•â•â•â•â•â•â•â•â•â•â•â•â•â•â•â•â•â•â•â•â•â•â•â•â•â•â•â•â•â•â•â•â•â•â•â•â•â•â•â•â•â•â•â•â•â•â•â•â•â•â•â•â•â•â•â•â•â•â•â•
]]>
</failure>
</testcase>
<testcase name="ACIM Guide - Debug and UX Testing â€º â™¿ Accessibility and usability check" classname="tests/acim-guide-debug.spec.ts" time="0.002">
<failure message="acim-guide-debug.spec.ts:226:7 â™¿ Accessibility and usability check" type="FAILURE">
<![CDATA[  [Mobile Safari] â€º tests/acim-guide-debug.spec.ts:226:7 â€º ACIM Guide - Debug and UX Testing â€º â™¿ Accessibility and usability check 

    Error: browserType.launch: Executable doesn't exist at /home/am/.cache/ms-playwright/webkit-2191/pw_run.sh
    â•”â•â•â•â•â•â•â•â•â•â•â•â•â•â•â•â•â•â•â•â•â•â•â•â•â•â•â•â•â•â•â•â•â•â•â•â•â•â•â•â•â•â•â•â•â•â•â•â•â•â•â•â•â•â•â•â•â•â•â•â•â•â•â•â•â•â•â•â•â•â•â•â•â•â•—
    â•‘ Looks like Playwright Test or Playwright was just installed or updated. â•‘
    â•‘ Please run the following command to download new browsers:              â•‘
    â•‘                                                                         â•‘
    â•‘     npx playwright install                                              â•‘
    â•‘                                                                         â•‘
    â•‘ <3 Playwright Team                                                      â•‘
    â•šâ•â•â•â•â•â•â•â•â•â•â•â•â•â•â•â•â•â•â•â•â•â•â•â•â•â•â•â•â•â•â•â•â•â•â•â•â•â•â•â•â•â•â•â•â•â•â•â•â•â•â•â•â•â•â•â•â•â•â•â•â•â•â•â•â•â•â•â•â•â•â•â•â•â•
]]>
</failure>
</testcase>
<testcase name="ACIM Guide - Debug and UX Testing â€º ðŸ”§ Performance and loading check" classname="tests/acim-guide-debug.spec.ts" time="0.002">
<failure message="acim-guide-debug.spec.ts:251:7 ðŸ”§ Performance and loading check" type="FAILURE">
<![CDATA[  [Mobile Safari] â€º tests/acim-guide-debug.spec.ts:251:7 â€º ACIM Guide - Debug and UX Testing â€º ðŸ”§ Performance and loading check 

    Error: browserType.launch: Executable doesn't exist at /home/am/.cache/ms-playwright/webkit-2191/pw_run.sh
    â•”â•â•â•â•â•â•â•â•â•â•â•â•â•â•â•â•â•â•â•â•â•â•â•â•â•â•â•â•â•â•â•â•â•â•â•â•â•â•â•â•â•â•â•â•â•â•â•â•â•â•â•â•â•â•â•â•â•â•â•â•â•â•â•â•â•â•â•â•â•â•â•â•â•â•—
    â•‘ Looks like Playwright Test or Playwright was just installed or updated. â•‘
    â•‘ Please run the following command to download new browsers:              â•‘
    â•‘                                                                         â•‘
    â•‘     npx playwright install                                              â•‘
    â•‘                                                                         â•‘
    â•‘ <3 Playwright Team                                                      â•‘
    â•šâ•â•â•â•â•â•â•â•â•â•â•â•â•â•â•â•â•â•â•â•â•â•â•â•â•â•â•â•â•â•â•â•â•â•â•â•â•â•â•â•â•â•â•â•â•â•â•â•â•â•â•â•â•â•â•â•â•â•â•â•â•â•â•â•â•â•â•â•â•â•â•â•â•â•
]]>
</failure>
</testcase>
<testcase name="ACIM Guide - Debug and UX Testing â€º ðŸ“¸ Visual regression test - take screenshots" classname="tests/acim-guide-debug.spec.ts" time="0.002">
<failure message="acim-guide-debug.spec.ts:288:7 ðŸ“¸ Visual regression test - take screenshots" type="FAILURE">
<![CDATA[  [Mobile Safari] â€º tests/acim-guide-debug.spec.ts:288:7 â€º ACIM Guide - Debug and UX Testing â€º ðŸ“¸ Visual regression test - take screenshots 

    Error: browserType.launch: Executable doesn't exist at /home/am/.cache/ms-playwright/webkit-2191/pw_run.sh
    â•”â•â•â•â•â•â•â•â•â•â•â•â•â•â•â•â•â•â•â•â•â•â•â•â•â•â•â•â•â•â•â•â•â•â•â•â•â•â•â•â•â•â•â•â•â•â•â•â•â•â•â•â•â•â•â•â•â•â•â•â•â•â•â•â•â•â•â•â•â•â•â•â•â•â•—
    â•‘ Looks like Playwright Test or Playwright was just installed or updated. â•‘
    â•‘ Please run the following command to download new browsers:              â•‘
    â•‘                                                                         â•‘
    â•‘     npx playwright install                                              â•‘
    â•‘                                                                         â•‘
    â•‘ <3 Playwright Team                                                      â•‘
    â•šâ•â•â•â•â•â•â•â•â•â•â•â•â•â•â•â•â•â•â•â•â•â•â•â•â•â•â•â•â•â•â•â•â•â•â•â•â•â•â•â•â•â•â•â•â•â•â•â•â•â•â•â•â•â•â•â•â•â•â•â•â•â•â•â•â•â•â•â•â•â•â•â•â•â•
]]>
</failure>
</testcase>
<testcase name="ACIM Guide - Specific Firebase Debug â€º ðŸ”¥ Debug Firebase Functions specifically" classname="tests/acim-guide-debug.spec.ts" time="0.002">
<failure message="acim-guide-debug.spec.ts:310:7 ðŸ”¥ Debug Firebase Functions specifically" type="FAILURE">
<![CDATA[  [Mobile Safari] â€º tests/acim-guide-debug.spec.ts:310:7 â€º ACIM Guide - Specific Firebase Debug â€º ðŸ”¥ Debug Firebase Functions specifically 

    Error: browserType.launch: Executable doesn't exist at /home/am/.cache/ms-playwright/webkit-2191/pw_run.sh
    â•”â•â•â•â•â•â•â•â•â•â•â•â•â•â•â•â•â•â•â•â•â•â•â•â•â•â•â•â•â•â•â•â•â•â•â•â•â•â•â•â•â•â•â•â•â•â•â•â•â•â•â•â•â•â•â•â•â•â•â•â•â•â•â•â•â•â•â•â•â•â•â•â•â•â•—
    â•‘ Looks like Playwright Test or Playwright was just installed or updated. â•‘
    â•‘ Please run the following command to download new browsers:              â•‘
    â•‘                                                                         â•‘
    â•‘     npx playwright install                                              â•‘
    â•‘                                                                         â•‘
    â•‘ <3 Playwright Team                                                      â•‘
    â•šâ•â•â•â•â•â•â•â•â•â•â•â•â•â•â•â•â•â•â•â•â•â•â•â•â•â•â•â•â•â•â•â•â•â•â•â•â•â•â•â•â•â•â•â•â•â•â•â•â•â•â•â•â•â•â•â•â•â•â•â•â•â•â•â•â•â•â•â•â•â•â•â•â•â•
]]>
</failure>
</testcase>
</testsuite>
</testsuites>