<testsuites id="" name="" tests="295" failures="280" skipped="0" errors="0" time="155.07867800000002">
<testsuite name="tests/acim-guide-debug.spec.ts" timestamp="2025-08-14T13:39:24.147Z" hostname="chromium" tests="11" failures="6" skipped="0" time="116.243" errors="0">
<testcase name="ACIM Guide - Debug and UX Testing › ✅ Page loads successfully with correct title and branding" classname="tests/acim-guide-debug.spec.ts" time="9.828">
<failure message="acim-guide-debug.spec.ts:15:7 ✅ Page loads successfully with correct title and branding" type="FAILURE">
<![CDATA[  [chromium] › tests/acim-guide-debug.spec.ts:15:7 › ACIM Guide - Debug and UX Testing › ✅ Page loads successfully with correct title and branding 

    Error: Timed out 5000ms waiting for expect(page).toHaveTitle(expected)

    Expected pattern: /ACIMguide/
    Received string:  "ACIM Guide - Your AI Companion for A Course in Miracles"
    Call log:
      - Expect "toHaveTitle" with timeout 5000ms
        9 × unexpected value "ACIM Guide - Your AI Companion for A Course in Miracles"


      15 |   test('✅ Page loads successfully with correct title and branding', async ({ page }) => {
      16 |     // Check page title
    > 17 |     await expect(page).toHaveTitle(/ACIMguide/);
         |                        ^
      18 |     
      19 |     // Check main heading
      20 |     await expect(page.locator('h1')).toContainText('ACIMguide');
        at /home/am/TestAlex/e2e/tests/acim-guide-debug.spec.ts:17:24

    attachment #1: screenshot (image/png) ──────────────────────────────────────────────────────────
    ../test-results/tests-acim-guide-debug-ACI-1175f--correct-title-and-branding-chromium/test-failed-1.png
    ────────────────────────────────────────────────────────────────────────────────────────────────

    attachment #2: video (video/webm) ──────────────────────────────────────────────────────────────
    ../test-results/tests-acim-guide-debug-ACI-1175f--correct-title-and-branding-chromium/video.webm
    ────────────────────────────────────────────────────────────────────────────────────────────────

    Error Context: ../test-results/tests-acim-guide-debug-ACI-1175f--correct-title-and-branding-chromium/error-context.md
]]>
</failure>
<system-out>
<![CDATA[
[[ATTACHMENT|tests-acim-guide-debug-ACI-1175f--correct-title-and-branding-chromium/test-failed-1.png]]

[[ATTACHMENT|tests-acim-guide-debug-ACI-1175f--correct-title-and-branding-chromium/video.webm]]

[[ATTACHMENT|tests-acim-guide-debug-ACI-1175f--correct-title-and-branding-chromium/error-context.md]]
]]>
</system-out>
</testcase>
<testcase name="ACIM Guide - Debug and UX Testing › 🔧 Firebase authentication and connection status" classname="tests/acim-guide-debug.spec.ts" time="9.416">
<failure message="acim-guide-debug.spec.ts:29:7 🔧 Firebase authentication and connection status" type="FAILURE">
<![CDATA[  [chromium] › tests/acim-guide-debug.spec.ts:29:7 › ACIM Guide - Debug and UX Testing › 🔧 Firebase authentication and connection status 

    Error: Timed out 5000ms waiting for expect(locator).toContainText(expected)

    Locator: locator('#status')
    Expected string: "Initializing ACIMguide"
    Received string: "●"
    Call log:
      - Expect "toContainText" with timeout 5000ms
      - waiting for locator('#status')
        6 × locator resolved to <div id="status" class="status connected">Ready</div>
          - unexpected value "Ready"
        3 × locator resolved to <div id="status" class="status connected">●</div>
          - unexpected value "●"


      33 |     
      34 |     // Check initial loading state
    > 35 |     await expect(statusElement).toContainText('Initializing ACIMguide');
         |                                 ^
      36 |     
      37 |     // Wait for authentication to complete (up to 10 seconds)
      38 |     await page.waitForFunction(() => {
        at /home/am/TestAlex/e2e/tests/acim-guide-debug.spec.ts:35:33

    attachment #1: screenshot (image/png) ──────────────────────────────────────────────────────────
    ../test-results/tests-acim-guide-debug-ACI-93ac1-ation-and-connection-status-chromium/test-failed-1.png
    ────────────────────────────────────────────────────────────────────────────────────────────────

    attachment #2: video (video/webm) ──────────────────────────────────────────────────────────────
    ../test-results/tests-acim-guide-debug-ACI-93ac1-ation-and-connection-status-chromium/video.webm
    ────────────────────────────────────────────────────────────────────────────────────────────────

    Error Context: ../test-results/tests-acim-guide-debug-ACI-93ac1-ation-and-connection-status-chromium/error-context.md
]]>
</failure>
<system-out>
<![CDATA[
[[ATTACHMENT|tests-acim-guide-debug-ACI-93ac1-ation-and-connection-status-chromium/test-failed-1.png]]

[[ATTACHMENT|tests-acim-guide-debug-ACI-93ac1-ation-and-connection-status-chromium/video.webm]]

[[ATTACHMENT|tests-acim-guide-debug-ACI-93ac1-ation-and-connection-status-chromium/error-context.md]]
]]>
</system-out>
</testcase>
<testcase name="ACIM Guide - Debug and UX Testing › 💬 Chat interface is functional and accessible" classname="tests/acim-guide-debug.spec.ts" time="5.219">
</testcase>
<testcase name="ACIM Guide - Debug and UX Testing › 🎯 Quick action buttons are present and functional" classname="tests/acim-guide-debug.spec.ts" time="10.502">
<failure message="acim-guide-debug.spec.ts:85:7 🎯 Quick action buttons are present and functional" type="FAILURE">
<![CDATA[  [chromium] › tests/acim-guide-debug.spec.ts:85:7 › ACIM Guide - Debug and UX Testing › 🎯 Quick action buttons are present and functional 

    Error: Timed out 5000ms waiting for expect(locator).toContainText(expected)

    Locator: locator('.quick-actions h3')
    Expected string: "Quick Actions"
    Received string: "Get Started"
    Call log:
      - Expect "toContainText" with timeout 5000ms
      - waiting for locator('.quick-actions h3')
        9 × locator resolved to <h3>Get Started</h3>
          - unexpected value "Get Started"


      85 |   test('🎯 Quick action buttons are present and functional', async ({ page }) => {
      86 |     // Check quick actions section
    > 87 |     await expect(page.locator('.quick-actions h3')).toContainText('Quick Actions');
         |                                                     ^
      88 |     
      89 |     // Check all quick action buttons exist
      90 |     const quickActions = [
        at /home/am/TestAlex/e2e/tests/acim-guide-debug.spec.ts:87:53

    attachment #1: screenshot (image/png) ──────────────────────────────────────────────────────────
    ../test-results/tests-acim-guide-debug-ACI-9a1ff--are-present-and-functional-chromium/test-failed-1.png
    ────────────────────────────────────────────────────────────────────────────────────────────────

    attachment #2: video (video/webm) ──────────────────────────────────────────────────────────────
    ../test-results/tests-acim-guide-debug-ACI-9a1ff--are-present-and-functional-chromium/video.webm
    ────────────────────────────────────────────────────────────────────────────────────────────────

    Error Context: ../test-results/tests-acim-guide-debug-ACI-9a1ff--are-present-and-functional-chromium/error-context.md
]]>
</failure>
<system-out>
<![CDATA[
[[ATTACHMENT|tests-acim-guide-debug-ACI-9a1ff--are-present-and-functional-chromium/test-failed-1.png]]

[[ATTACHMENT|tests-acim-guide-debug-ACI-9a1ff--are-present-and-functional-chromium/video.webm]]

[[ATTACHMENT|tests-acim-guide-debug-ACI-9a1ff--are-present-and-functional-chromium/error-context.md]]
]]>
</system-out>
</testcase>
<testcase name="ACIM Guide - Debug and UX Testing › 📱 Responsive design works on mobile" classname="tests/acim-guide-debug.spec.ts" time="4.127">
</testcase>
<testcase name="ACIM Guide - Debug and UX Testing › 🔍 Debug actual chat functionality with Firebase" classname="tests/acim-guide-debug.spec.ts" time="31.367">
<failure message="acim-guide-debug.spec.ts:131:7 🔍 Debug actual chat functionality with Firebase" type="FAILURE">
<![CDATA[  [chromium] › tests/acim-guide-debug.spec.ts:131:7 › ACIM Guide - Debug and UX Testing › 🔍 Debug actual chat functionality with Firebase 

    Test timeout of 30000ms exceeded.

    Error: page.waitForFunction: Test timeout of 30000ms exceeded.

      131 |   test('🔍 Debug actual chat functionality with Firebase', async ({ page }) => {
      132 |     // Wait for authentication
    > 133 |     await page.waitForFunction(() => {
          |                ^
      134 |       const status = document.getElementById('status');
      135 |       return status && status.textContent?.includes('Connected! Your spiritual companion is ready');
      136 |     }, { timeout: 15000 });
        at /home/am/TestAlex/e2e/tests/acim-guide-debug.spec.ts:133:16

    attachment #1: screenshot (image/png) ──────────────────────────────────────────────────────────
    ../test-results/tests-acim-guide-debug-ACI-46d7f-functionality-with-Firebase-chromium/test-failed-1.png
    ────────────────────────────────────────────────────────────────────────────────────────────────

    attachment #2: video (video/webm) ──────────────────────────────────────────────────────────────
    ../test-results/tests-acim-guide-debug-ACI-46d7f-functionality-with-Firebase-chromium/video.webm
    ────────────────────────────────────────────────────────────────────────────────────────────────

    Error Context: ../test-results/tests-acim-guide-debug-ACI-46d7f-functionality-with-Firebase-chromium/error-context.md
]]>
</failure>
<system-out>
<![CDATA[
[[ATTACHMENT|tests-acim-guide-debug-ACI-46d7f-functionality-with-Firebase-chromium/test-failed-1.png]]

[[ATTACHMENT|tests-acim-guide-debug-ACI-46d7f-functionality-with-Firebase-chromium/video.webm]]

[[ATTACHMENT|tests-acim-guide-debug-ACI-46d7f-functionality-with-Firebase-chromium/error-context.md]]
]]>
</system-out>
</testcase>
<testcase name="ACIM Guide - Debug and UX Testing › 🎨 Visual design and styling check" classname="tests/acim-guide-debug.spec.ts" time="2.936">
<failure message="acim-guide-debug.spec.ts:201:7 🎨 Visual design and styling check" type="FAILURE">
<![CDATA[  [chromium] › tests/acim-guide-debug.spec.ts:201:7 › ACIM Guide - Debug and UX Testing › 🎨 Visual design and styling check 

    Error: expect(received).toContain(expected) // indexOf

    Expected substring: "gradient"
    Received string:    "rgb(248, 250, 252) none repeat scroll 0% 0% / auto padding-box border-box"

      203 |     const body = page.locator('body');
      204 |     const bodyStyles = await body.evaluate(el => getComputedStyle(el));
    > 205 |     expect(bodyStyles.background).toContain('gradient');
          |                                   ^
      206 |     
      207 |     // Check container has proper styling
      208 |     const container = page.locator('.container');
        at /home/am/TestAlex/e2e/tests/acim-guide-debug.spec.ts:205:35

    attachment #1: screenshot (image/png) ──────────────────────────────────────────────────────────
    ../test-results/tests-acim-guide-debug-ACI-099fd-al-design-and-styling-check-chromium/test-failed-1.png
    ────────────────────────────────────────────────────────────────────────────────────────────────

    attachment #2: video (video/webm) ──────────────────────────────────────────────────────────────
    ../test-results/tests-acim-guide-debug-ACI-099fd-al-design-and-styling-check-chromium/video.webm
    ────────────────────────────────────────────────────────────────────────────────────────────────

    Error Context: ../test-results/tests-acim-guide-debug-ACI-099fd-al-design-and-styling-check-chromium/error-context.md
]]>
</failure>
<system-out>
<![CDATA[
[[ATTACHMENT|tests-acim-guide-debug-ACI-099fd-al-design-and-styling-check-chromium/test-failed-1.png]]

[[ATTACHMENT|tests-acim-guide-debug-ACI-099fd-al-design-and-styling-check-chromium/video.webm]]

[[ATTACHMENT|tests-acim-guide-debug-ACI-099fd-al-design-and-styling-check-chromium/error-context.md]]
]]>
</system-out>
</testcase>
<testcase name="ACIM Guide - Debug and UX Testing › ♿ Accessibility and usability check" classname="tests/acim-guide-debug.spec.ts" time="2.89">
</testcase>
<testcase name="ACIM Guide - Debug and UX Testing › 🔧 Performance and loading check" classname="tests/acim-guide-debug.spec.ts" time="5.652">
<system-out>
<![CDATA[Page load time: 984ms
Console errors found: [
  [32m'Failed to load resource: the server responded with a status of 400 ()'[39m
]
]]>
</system-out>
</testcase>
<testcase name="ACIM Guide - Debug and UX Testing › 📸 Visual regression test - take screenshots" classname="tests/acim-guide-debug.spec.ts" time="3.086">
<system-out>
<![CDATA[Screenshots saved for visual review
]]>
</system-out>
</testcase>
<testcase name="ACIM Guide - Specific Firebase Debug › 🔥 Debug Firebase Functions specifically" classname="tests/acim-guide-debug.spec.ts" time="31.22">
<failure message="acim-guide-debug.spec.ts:310:7 🔥 Debug Firebase Functions specifically" type="FAILURE">
<![CDATA[  [chromium] › tests/acim-guide-debug.spec.ts:310:7 › ACIM Guide - Specific Firebase Debug › 🔥 Debug Firebase Functions specifically 

    Test timeout of 30000ms exceeded.

    Error: page.waitForFunction: Test timeout of 30000ms exceeded.

      325 |     
      326 |     // Wait for auth and try to send message
    > 327 |     await page.waitForFunction(() => {
          |                ^
      328 |       const status = document.getElementById('status');
      329 |       return status && status.textContent?.includes('Connected! Your spiritual companion is ready');
      330 |     }, { timeout: 15000 });
        at /home/am/TestAlex/e2e/tests/acim-guide-debug.spec.ts:327:16

    attachment #1: screenshot (image/png) ──────────────────────────────────────────────────────────
    ../test-results/tests-acim-guide-debug-ACI-57bae-base-Functions-specifically-chromium/test-failed-1.png
    ────────────────────────────────────────────────────────────────────────────────────────────────

    attachment #2: video (video/webm) ──────────────────────────────────────────────────────────────
    ../test-results/tests-acim-guide-debug-ACI-57bae-base-Functions-specifically-chromium/video.webm
    ────────────────────────────────────────────────────────────────────────────────────────────────

    Error Context: ../test-results/tests-acim-guide-debug-ACI-57bae-base-Functions-specifically-chromium/error-context.md
]]>
</failure>
<system-out>
<![CDATA[
[[ATTACHMENT|tests-acim-guide-debug-ACI-57bae-base-Functions-specifically-chromium/test-failed-1.png]]

[[ATTACHMENT|tests-acim-guide-debug-ACI-57bae-base-Functions-specifically-chromium/video.webm]]

[[ATTACHMENT|tests-acim-guide-debug-ACI-57bae-base-Functions-specifically-chromium/error-context.md]]
]]>
</system-out>
</testcase>
</testsuite>
<testsuite name="tests/blog-cta.spec.ts" timestamp="2025-08-14T13:39:24.147Z" hostname="chromium" tests="19" failures="19" skipped="0" time="12.977" errors="0">
<testcase name="Blog CTA E2E Tests › should display CTAs correctly on blog homepage" classname="tests/blog-cta.spec.ts" time="0.521">
<failure message="blog-cta.spec.ts:11:7 should display CTAs correctly on blog homepage" type="FAILURE">
<![CDATA[  [chromium] › tests/blog-cta.spec.ts:11:7 › Blog CTA E2E Tests › should display CTAs correctly on blog homepage 

    Error: page.goto: net::ERR_CONNECTION_REFUSED at http://localhost:3000/blog
    Call log:
      - navigating to "http://localhost:3000/blog", waiting until "load"


       at utils/blog-cta-page.ts:43

      41 |    */
      42 |   async navigateToBlog(): Promise<void> {
    > 43 |     await this.page.goto('/blog');
         |                     ^
      44 |     await this.helpers.waitForNetworkIdle();
      45 |     await this.helpers.waitForStableElement(this.blogContainer);
      46 |   }
        at BlogCTAPage.navigateToBlog (/home/am/TestAlex/e2e/utils/blog-cta-page.ts:43:21)
        at /home/am/TestAlex/e2e/tests/blog-cta.spec.ts:12:23

    attachment #1: screenshot (image/png) ──────────────────────────────────────────────────────────
    ../test-results/tests-blog-cta-Blog-CTA-E2-d9854--correctly-on-blog-homepage-chromium/test-failed-1.png
    ────────────────────────────────────────────────────────────────────────────────────────────────

    attachment #2: video (video/webm) ──────────────────────────────────────────────────────────────
    ../test-results/tests-blog-cta-Blog-CTA-E2-d9854--correctly-on-blog-homepage-chromium/video.webm
    ────────────────────────────────────────────────────────────────────────────────────────────────

    Error Context: ../test-results/tests-blog-cta-Blog-CTA-E2-d9854--correctly-on-blog-homepage-chromium/error-context.md
]]>
</failure>
<system-out>
<![CDATA[
[[ATTACHMENT|tests-blog-cta-Blog-CTA-E2-d9854--correctly-on-blog-homepage-chromium/test-failed-1.png]]

[[ATTACHMENT|tests-blog-cta-Blog-CTA-E2-d9854--correctly-on-blog-homepage-chromium/video.webm]]

[[ATTACHMENT|tests-blog-cta-Blog-CTA-E2-d9854--correctly-on-blog-homepage-chromium/error-context.md]]
]]>
</system-out>
</testcase>
<testcase name="Blog CTA E2E Tests › should handle CTA click-through functionality" classname="tests/blog-cta.spec.ts" time="0.371">
<failure message="blog-cta.spec.ts:16:7 should handle CTA click-through functionality" type="FAILURE">
<![CDATA[  [chromium] › tests/blog-cta.spec.ts:16:7 › Blog CTA E2E Tests › should handle CTA click-through functionality 

    Error: page.goto: net::ERR_CONNECTION_REFUSED at http://localhost:3000/blog
    Call log:
      - navigating to "http://localhost:3000/blog", waiting until "load"


       at utils/blog-cta-page.ts:43

      41 |    */
      42 |   async navigateToBlog(): Promise<void> {
    > 43 |     await this.page.goto('/blog');
         |                     ^
      44 |     await this.helpers.waitForNetworkIdle();
      45 |     await this.helpers.waitForStableElement(this.blogContainer);
      46 |   }
        at BlogCTAPage.navigateToBlog (/home/am/TestAlex/e2e/utils/blog-cta-page.ts:43:21)
        at /home/am/TestAlex/e2e/tests/blog-cta.spec.ts:17:23

    attachment #1: screenshot (image/png) ──────────────────────────────────────────────────────────
    ../test-results/tests-blog-cta-Blog-CTA-E2-bc43d-click-through-functionality-chromium/test-failed-1.png
    ────────────────────────────────────────────────────────────────────────────────────────────────

    attachment #2: video (video/webm) ──────────────────────────────────────────────────────────────
    ../test-results/tests-blog-cta-Blog-CTA-E2-bc43d-click-through-functionality-chromium/video.webm
    ────────────────────────────────────────────────────────────────────────────────────────────────

    Error Context: ../test-results/tests-blog-cta-Blog-CTA-E2-bc43d-click-through-functionality-chromium/error-context.md
]]>
</failure>
<system-out>
<![CDATA[
[[ATTACHMENT|tests-blog-cta-Blog-CTA-E2-bc43d-click-through-functionality-chromium/test-failed-1.png]]

[[ATTACHMENT|tests-blog-cta-Blog-CTA-E2-bc43d-click-through-functionality-chromium/video.webm]]

[[ATTACHMENT|tests-blog-cta-Blog-CTA-E2-bc43d-click-through-functionality-chromium/error-context.md]]
]]>
</system-out>
</testcase>
<testcase name="Blog CTA E2E Tests › should handle newsletter signup" classname="tests/blog-cta.spec.ts" time="0.256">
<failure message="blog-cta.spec.ts:21:7 should handle newsletter signup" type="FAILURE">
<![CDATA[  [chromium] › tests/blog-cta.spec.ts:21:7 › Blog CTA E2E Tests › should handle newsletter signup ──

    Error: page.goto: net::ERR_CONNECTION_REFUSED at http://localhost:3000/blog
    Call log:
      - navigating to "http://localhost:3000/blog", waiting until "load"


       at utils/blog-cta-page.ts:43

      41 |    */
      42 |   async navigateToBlog(): Promise<void> {
    > 43 |     await this.page.goto('/blog');
         |                     ^
      44 |     await this.helpers.waitForNetworkIdle();
      45 |     await this.helpers.waitForStableElement(this.blogContainer);
      46 |   }
        at BlogCTAPage.navigateToBlog (/home/am/TestAlex/e2e/utils/blog-cta-page.ts:43:21)
        at /home/am/TestAlex/e2e/tests/blog-cta.spec.ts:22:23

    attachment #1: screenshot (image/png) ──────────────────────────────────────────────────────────
    ../test-results/tests-blog-cta-Blog-CTA-E2-581c9-ld-handle-newsletter-signup-chromium/test-failed-1.png
    ────────────────────────────────────────────────────────────────────────────────────────────────

    attachment #2: video (video/webm) ──────────────────────────────────────────────────────────────
    ../test-results/tests-blog-cta-Blog-CTA-E2-581c9-ld-handle-newsletter-signup-chromium/video.webm
    ────────────────────────────────────────────────────────────────────────────────────────────────

    Error Context: ../test-results/tests-blog-cta-Blog-CTA-E2-581c9-ld-handle-newsletter-signup-chromium/error-context.md
]]>
</failure>
<system-out>
<![CDATA[
[[ATTACHMENT|tests-blog-cta-Blog-CTA-E2-581c9-ld-handle-newsletter-signup-chromium/test-failed-1.png]]

[[ATTACHMENT|tests-blog-cta-Blog-CTA-E2-581c9-ld-handle-newsletter-signup-chromium/video.webm]]

[[ATTACHMENT|tests-blog-cta-Blog-CTA-E2-581c9-ld-handle-newsletter-signup-chromium/error-context.md]]
]]>
</system-out>
</testcase>
<testcase name="Blog CTA E2E Tests › should validate email input in newsletter" classname="tests/blog-cta.spec.ts" time="0.402">
<failure message="blog-cta.spec.ts:26:7 should validate email input in newsletter" type="FAILURE">
<![CDATA[  [chromium] › tests/blog-cta.spec.ts:26:7 › Blog CTA E2E Tests › should validate email input in newsletter 

    Error: page.goto: net::ERR_CONNECTION_REFUSED at http://localhost:3000/blog
    Call log:
      - navigating to "http://localhost:3000/blog", waiting until "load"


       at utils/blog-cta-page.ts:43

      41 |    */
      42 |   async navigateToBlog(): Promise<void> {
    > 43 |     await this.page.goto('/blog');
         |                     ^
      44 |     await this.helpers.waitForNetworkIdle();
      45 |     await this.helpers.waitForStableElement(this.blogContainer);
      46 |   }
        at BlogCTAPage.navigateToBlog (/home/am/TestAlex/e2e/utils/blog-cta-page.ts:43:21)
        at /home/am/TestAlex/e2e/tests/blog-cta.spec.ts:27:23

    attachment #1: screenshot (image/png) ──────────────────────────────────────────────────────────
    ../test-results/tests-blog-cta-Blog-CTA-E2-7027d-e-email-input-in-newsletter-chromium/test-failed-1.png
    ────────────────────────────────────────────────────────────────────────────────────────────────

    attachment #2: video (video/webm) ──────────────────────────────────────────────────────────────
    ../test-results/tests-blog-cta-Blog-CTA-E2-7027d-e-email-input-in-newsletter-chromium/video.webm
    ────────────────────────────────────────────────────────────────────────────────────────────────

    Error Context: ../test-results/tests-blog-cta-Blog-CTA-E2-7027d-e-email-input-in-newsletter-chromium/error-context.md
]]>
</failure>
<system-out>
<![CDATA[
[[ATTACHMENT|tests-blog-cta-Blog-CTA-E2-7027d-e-email-input-in-newsletter-chromium/test-failed-1.png]]

[[ATTACHMENT|tests-blog-cta-Blog-CTA-E2-7027d-e-email-input-in-newsletter-chromium/video.webm]]

[[ATTACHMENT|tests-blog-cta-Blog-CTA-E2-7027d-e-email-input-in-newsletter-chromium/error-context.md]]
]]>
</system-out>
</testcase>
<testcase name="Blog CTA E2E Tests › should track CTA interactions" classname="tests/blog-cta.spec.ts" time="0.381">
<failure message="blog-cta.spec.ts:31:7 should track CTA interactions" type="FAILURE">
<![CDATA[  [chromium] › tests/blog-cta.spec.ts:31:7 › Blog CTA E2E Tests › should track CTA interactions ────

    Error: page.goto: net::ERR_CONNECTION_REFUSED at http://localhost:3000/blog
    Call log:
      - navigating to "http://localhost:3000/blog", waiting until "load"


       at utils/blog-cta-page.ts:43

      41 |    */
      42 |   async navigateToBlog(): Promise<void> {
    > 43 |     await this.page.goto('/blog');
         |                     ^
      44 |     await this.helpers.waitForNetworkIdle();
      45 |     await this.helpers.waitForStableElement(this.blogContainer);
      46 |   }
        at BlogCTAPage.navigateToBlog (/home/am/TestAlex/e2e/utils/blog-cta-page.ts:43:21)
        at /home/am/TestAlex/e2e/tests/blog-cta.spec.ts:32:23

    attachment #1: screenshot (image/png) ──────────────────────────────────────────────────────────
    ../test-results/tests-blog-cta-Blog-CTA-E2-203d1-ould-track-CTA-interactions-chromium/test-failed-1.png
    ────────────────────────────────────────────────────────────────────────────────────────────────

    attachment #2: video (video/webm) ──────────────────────────────────────────────────────────────
    ../test-results/tests-blog-cta-Blog-CTA-E2-203d1-ould-track-CTA-interactions-chromium/video.webm
    ────────────────────────────────────────────────────────────────────────────────────────────────

    Error Context: ../test-results/tests-blog-cta-Blog-CTA-E2-203d1-ould-track-CTA-interactions-chromium/error-context.md
]]>
</failure>
<system-out>
<![CDATA[
[[ATTACHMENT|tests-blog-cta-Blog-CTA-E2-203d1-ould-track-CTA-interactions-chromium/test-failed-1.png]]

[[ATTACHMENT|tests-blog-cta-Blog-CTA-E2-203d1-ould-track-CTA-interactions-chromium/video.webm]]

[[ATTACHMENT|tests-blog-cta-Blog-CTA-E2-203d1-ould-track-CTA-interactions-chromium/error-context.md]]
]]>
</system-out>
</testcase>
<testcase name="Blog CTA E2E Tests › should display social media links" classname="tests/blog-cta.spec.ts" time="0.374">
<failure message="blog-cta.spec.ts:36:7 should display social media links" type="FAILURE">
<![CDATA[  [chromium] › tests/blog-cta.spec.ts:36:7 › Blog CTA E2E Tests › should display social media links 

    Error: page.goto: net::ERR_CONNECTION_REFUSED at http://localhost:3000/blog
    Call log:
      - navigating to "http://localhost:3000/blog", waiting until "load"


       at utils/blog-cta-page.ts:43

      41 |    */
      42 |   async navigateToBlog(): Promise<void> {
    > 43 |     await this.page.goto('/blog');
         |                     ^
      44 |     await this.helpers.waitForNetworkIdle();
      45 |     await this.helpers.waitForStableElement(this.blogContainer);
      46 |   }
        at BlogCTAPage.navigateToBlog (/home/am/TestAlex/e2e/utils/blog-cta-page.ts:43:21)
        at /home/am/TestAlex/e2e/tests/blog-cta.spec.ts:37:23

    attachment #1: screenshot (image/png) ──────────────────────────────────────────────────────────
    ../test-results/tests-blog-cta-Blog-CTA-E2-43723--display-social-media-links-chromium/test-failed-1.png
    ────────────────────────────────────────────────────────────────────────────────────────────────

    attachment #2: video (video/webm) ──────────────────────────────────────────────────────────────
    ../test-results/tests-blog-cta-Blog-CTA-E2-43723--display-social-media-links-chromium/video.webm
    ────────────────────────────────────────────────────────────────────────────────────────────────

    Error Context: ../test-results/tests-blog-cta-Blog-CTA-E2-43723--display-social-media-links-chromium/error-context.md
]]>
</failure>
<system-out>
<![CDATA[
[[ATTACHMENT|tests-blog-cta-Blog-CTA-E2-43723--display-social-media-links-chromium/test-failed-1.png]]

[[ATTACHMENT|tests-blog-cta-Blog-CTA-E2-43723--display-social-media-links-chromium/video.webm]]

[[ATTACHMENT|tests-blog-cta-Blog-CTA-E2-43723--display-social-media-links-chromium/error-context.md]]
]]>
</system-out>
</testcase>
<testcase name="Blog CTA E2E Tests › should load CTAs quickly" classname="tests/blog-cta.spec.ts" time="0.375">
<failure message="blog-cta.spec.ts:41:7 should load CTAs quickly" type="FAILURE">
<![CDATA[  [chromium] › tests/blog-cta.spec.ts:41:7 › Blog CTA E2E Tests › should load CTAs quickly ─────────

    Error: page.goto: net::ERR_CONNECTION_REFUSED at http://localhost:3000/blog
    Call log:
      - navigating to "http://localhost:3000/blog", waiting until "load"


       at utils/blog-cta-page.ts:43

      41 |    */
      42 |   async navigateToBlog(): Promise<void> {
    > 43 |     await this.page.goto('/blog');
         |                     ^
      44 |     await this.helpers.waitForNetworkIdle();
      45 |     await this.helpers.waitForStableElement(this.blogContainer);
      46 |   }
        at BlogCTAPage.navigateToBlog (/home/am/TestAlex/e2e/utils/blog-cta-page.ts:43:21)
        at BlogCTAPage.testCTAPerformance (/home/am/TestAlex/e2e/utils/blog-cta-page.ts:230:16)
        at /home/am/TestAlex/e2e/tests/blog-cta.spec.ts:42:23

    attachment #1: screenshot (image/png) ──────────────────────────────────────────────────────────
    ../test-results/tests-blog-cta-Blog-CTA-E2E-Tests-should-load-CTAs-quickly-chromium/test-failed-1.png
    ────────────────────────────────────────────────────────────────────────────────────────────────

    attachment #2: video (video/webm) ──────────────────────────────────────────────────────────────
    ../test-results/tests-blog-cta-Blog-CTA-E2E-Tests-should-load-CTAs-quickly-chromium/video.webm
    ────────────────────────────────────────────────────────────────────────────────────────────────

    Error Context: ../test-results/tests-blog-cta-Blog-CTA-E2E-Tests-should-load-CTAs-quickly-chromium/error-context.md
]]>
</failure>
<system-out>
<![CDATA[
[[ATTACHMENT|tests-blog-cta-Blog-CTA-E2E-Tests-should-load-CTAs-quickly-chromium/test-failed-1.png]]

[[ATTACHMENT|tests-blog-cta-Blog-CTA-E2E-Tests-should-load-CTAs-quickly-chromium/video.webm]]

[[ATTACHMENT|tests-blog-cta-Blog-CTA-E2E-Tests-should-load-CTAs-quickly-chromium/error-context.md]]
]]>
</system-out>
</testcase>
<testcase name="Blog CTA E2E Tests › should be accessible" classname="tests/blog-cta.spec.ts" time="0.398">
<failure message="blog-cta.spec.ts:45:7 should be accessible" type="FAILURE">
<![CDATA[  [chromium] › tests/blog-cta.spec.ts:45:7 › Blog CTA E2E Tests › should be accessible ─────────────

    Error: page.goto: net::ERR_CONNECTION_REFUSED at http://localhost:3000/blog
    Call log:
      - navigating to "http://localhost:3000/blog", waiting until "load"


       at utils/blog-cta-page.ts:43

      41 |    */
      42 |   async navigateToBlog(): Promise<void> {
    > 43 |     await this.page.goto('/blog');
         |                     ^
      44 |     await this.helpers.waitForNetworkIdle();
      45 |     await this.helpers.waitForStableElement(this.blogContainer);
      46 |   }
        at BlogCTAPage.navigateToBlog (/home/am/TestAlex/e2e/utils/blog-cta-page.ts:43:21)
        at /home/am/TestAlex/e2e/tests/blog-cta.spec.ts:46:23

    attachment #1: screenshot (image/png) ──────────────────────────────────────────────────────────
    ../test-results/tests-blog-cta-Blog-CTA-E2E-Tests-should-be-accessible-chromium/test-failed-1.png
    ────────────────────────────────────────────────────────────────────────────────────────────────

    attachment #2: video (video/webm) ──────────────────────────────────────────────────────────────
    ../test-results/tests-blog-cta-Blog-CTA-E2E-Tests-should-be-accessible-chromium/video.webm
    ────────────────────────────────────────────────────────────────────────────────────────────────

    Error Context: ../test-results/tests-blog-cta-Blog-CTA-E2E-Tests-should-be-accessible-chromium/error-context.md
]]>
</failure>
<system-out>
<![CDATA[
[[ATTACHMENT|tests-blog-cta-Blog-CTA-E2E-Tests-should-be-accessible-chromium/test-failed-1.png]]

[[ATTACHMENT|tests-blog-cta-Blog-CTA-E2E-Tests-should-be-accessible-chromium/video.webm]]

[[ATTACHMENT|tests-blog-cta-Blog-CTA-E2E-Tests-should-be-accessible-chromium/error-context.md]]
]]>
</system-out>
</testcase>
<testcase name="Blog CTA E2E Tests › should work on mobile devices" classname="tests/blog-cta.spec.ts" time="6.103">
<failure message="blog-cta.spec.ts:50:7 should work on mobile devices" type="FAILURE">
<![CDATA[  [chromium] › tests/blog-cta.spec.ts:50:7 › Blog CTA E2E Tests › should work on mobile devices ────

    Error: Timed out 5000ms waiting for expect(locator).toBeVisible()

    Locator: locator('[data-testid="cta-section"], .cta-section, .call-to-action')
    Expected: visible
    Received: <element(s) not found>
    Call log:
      - Expect "toBeVisible" with timeout 5000ms
      - waiting for locator('[data-testid="cta-section"], .cta-section, .call-to-action')


       at utils/blog-cta-page.ts:298

      296 |     
      297 |     // CTAs should be visible and functional on mobile
    > 298 |     await expect(this.ctaSection).toBeVisible();
          |                                   ^
      299 |     
      300 |     if (await this.primaryCTA.count() > 0) {
      301 |       await expect(this.primaryCTA).toBeVisible();
        at BlogCTAPage.testMobileCTA (/home/am/TestAlex/e2e/utils/blog-cta-page.ts:298:35)
        at /home/am/TestAlex/e2e/tests/blog-cta.spec.ts:51:5

    attachment #1: screenshot (image/png) ──────────────────────────────────────────────────────────
    ../test-results/tests-blog-cta-Blog-CTA-E2-12b41-ould-work-on-mobile-devices-chromium/test-failed-1.png
    ────────────────────────────────────────────────────────────────────────────────────────────────

    attachment #2: video (video/webm) ──────────────────────────────────────────────────────────────
    ../test-results/tests-blog-cta-Blog-CTA-E2-12b41-ould-work-on-mobile-devices-chromium/video.webm
    ────────────────────────────────────────────────────────────────────────────────────────────────
]]>
</failure>
<system-out>
<![CDATA[
[[ATTACHMENT|tests-blog-cta-Blog-CTA-E2-12b41-ould-work-on-mobile-devices-chromium/test-failed-1.png]]

[[ATTACHMENT|tests-blog-cta-Blog-CTA-E2-12b41-ould-work-on-mobile-devices-chromium/video.webm]]
]]>
</system-out>
</testcase>
<testcase name="Blog CTA E2E Tests › should have compelling CTA text variations" classname="tests/blog-cta.spec.ts" time="0.345">
<failure message="blog-cta.spec.ts:54:7 should have compelling CTA text variations" type="FAILURE">
<![CDATA[  [chromium] › tests/blog-cta.spec.ts:54:7 › Blog CTA E2E Tests › should have compelling CTA text variations 

    Error: page.goto: net::ERR_CONNECTION_REFUSED at http://localhost:3000/blog
    Call log:
      - navigating to "http://localhost:3000/blog", waiting until "load"


       at utils/blog-cta-page.ts:43

      41 |    */
      42 |   async navigateToBlog(): Promise<void> {
    > 43 |     await this.page.goto('/blog');
         |                     ^
      44 |     await this.helpers.waitForNetworkIdle();
      45 |     await this.helpers.waitForStableElement(this.blogContainer);
      46 |   }
        at BlogCTAPage.navigateToBlog (/home/am/TestAlex/e2e/utils/blog-cta-page.ts:43:21)
        at /home/am/TestAlex/e2e/tests/blog-cta.spec.ts:55:23

    attachment #1: screenshot (image/png) ──────────────────────────────────────────────────────────
    ../test-results/tests-blog-cta-Blog-CTA-E2-24c0c-pelling-CTA-text-variations-chromium/test-failed-1.png
    ────────────────────────────────────────────────────────────────────────────────────────────────

    attachment #2: video (video/webm) ──────────────────────────────────────────────────────────────
    ../test-results/tests-blog-cta-Blog-CTA-E2-24c0c-pelling-CTA-text-variations-chromium/video.webm
    ────────────────────────────────────────────────────────────────────────────────────────────────

    Error Context: ../test-results/tests-blog-cta-Blog-CTA-E2-24c0c-pelling-CTA-text-variations-chromium/error-context.md
]]>
</failure>
<system-out>
<![CDATA[
[[ATTACHMENT|tests-blog-cta-Blog-CTA-E2-24c0c-pelling-CTA-text-variations-chromium/test-failed-1.png]]

[[ATTACHMENT|tests-blog-cta-Blog-CTA-E2-24c0c-pelling-CTA-text-variations-chromium/video.webm]]

[[ATTACHMENT|tests-blog-cta-Blog-CTA-E2-24c0c-pelling-CTA-text-variations-chromium/error-context.md]]
]]>
</system-out>
</testcase>
<testcase name="Blog CTA E2E Tests › should maintain design consistency" classname="tests/blog-cta.spec.ts" time="0.448">
<failure message="blog-cta.spec.ts:59:7 should maintain design consistency" type="FAILURE">
<![CDATA[  [chromium] › tests/blog-cta.spec.ts:59:7 › Blog CTA E2E Tests › should maintain design consistency 

    Error: page.goto: net::ERR_CONNECTION_REFUSED at http://localhost:3000/blog
    Call log:
      - navigating to "http://localhost:3000/blog", waiting until "load"


       at utils/blog-cta-page.ts:43

      41 |    */
      42 |   async navigateToBlog(): Promise<void> {
    > 43 |     await this.page.goto('/blog');
         |                     ^
      44 |     await this.helpers.waitForNetworkIdle();
      45 |     await this.helpers.waitForStableElement(this.blogContainer);
      46 |   }
        at BlogCTAPage.navigateToBlog (/home/am/TestAlex/e2e/utils/blog-cta-page.ts:43:21)
        at /home/am/TestAlex/e2e/tests/blog-cta.spec.ts:60:23

    attachment #1: screenshot (image/png) ──────────────────────────────────────────────────────────
    ../test-results/tests-blog-cta-Blog-CTA-E2-597ab-maintain-design-consistency-chromium/test-failed-1.png
    ────────────────────────────────────────────────────────────────────────────────────────────────

    attachment #2: video (video/webm) ──────────────────────────────────────────────────────────────
    ../test-results/tests-blog-cta-Blog-CTA-E2-597ab-maintain-design-consistency-chromium/video.webm
    ────────────────────────────────────────────────────────────────────────────────────────────────

    Error Context: ../test-results/tests-blog-cta-Blog-CTA-E2-597ab-maintain-design-consistency-chromium/error-context.md
]]>
</failure>
<system-out>
<![CDATA[
[[ATTACHMENT|tests-blog-cta-Blog-CTA-E2-597ab-maintain-design-consistency-chromium/test-failed-1.png]]

[[ATTACHMENT|tests-blog-cta-Blog-CTA-E2-597ab-maintain-design-consistency-chromium/video.webm]]

[[ATTACHMENT|tests-blog-cta-Blog-CTA-E2-597ab-maintain-design-consistency-chromium/error-context.md]]
]]>
</system-out>
</testcase>
<testcase name="Blog CTA E2E Tests › should support blog-to-course conversion funnel" classname="tests/blog-cta.spec.ts" time="0.418">
<failure message="blog-cta.spec.ts:64:7 should support blog-to-course conversion funnel" type="FAILURE">
<![CDATA[  [chromium] › tests/blog-cta.spec.ts:64:7 › Blog CTA E2E Tests › should support blog-to-course conversion funnel 

    Error: page.goto: net::ERR_CONNECTION_REFUSED at http://localhost:3000/blog
    Call log:
      - navigating to "http://localhost:3000/blog", waiting until "load"


       at utils/blog-cta-page.ts:43

      41 |    */
      42 |   async navigateToBlog(): Promise<void> {
    > 43 |     await this.page.goto('/blog');
         |                     ^
      44 |     await this.helpers.waitForNetworkIdle();
      45 |     await this.helpers.waitForStableElement(this.blogContainer);
      46 |   }
        at BlogCTAPage.navigateToBlog (/home/am/TestAlex/e2e/utils/blog-cta-page.ts:43:21)
        at BlogCTAPage.testConversionFunnel (/home/am/TestAlex/e2e/utils/blog-cta-page.ts:372:16)
        at /home/am/TestAlex/e2e/tests/blog-cta.spec.ts:65:23

    attachment #1: screenshot (image/png) ──────────────────────────────────────────────────────────
    ../test-results/tests-blog-cta-Blog-CTA-E2-7fb42-to-course-conversion-funnel-chromium/test-failed-1.png
    ────────────────────────────────────────────────────────────────────────────────────────────────

    attachment #2: video (video/webm) ──────────────────────────────────────────────────────────────
    ../test-results/tests-blog-cta-Blog-CTA-E2-7fb42-to-course-conversion-funnel-chromium/video.webm
    ────────────────────────────────────────────────────────────────────────────────────────────────

    Error Context: ../test-results/tests-blog-cta-Blog-CTA-E2-7fb42-to-course-conversion-funnel-chromium/error-context.md
]]>
</failure>
<system-out>
<![CDATA[
[[ATTACHMENT|tests-blog-cta-Blog-CTA-E2-7fb42-to-course-conversion-funnel-chromium/test-failed-1.png]]

[[ATTACHMENT|tests-blog-cta-Blog-CTA-E2-7fb42-to-course-conversion-funnel-chromium/video.webm]]

[[ATTACHMENT|tests-blog-cta-Blog-CTA-E2-7fb42-to-course-conversion-funnel-chromium/error-context.md]]
]]>
</system-out>
</testcase>
<testcase name="Blog CTA E2E Tests › should display CTAs on blog posts" classname="tests/blog-cta.spec.ts" time="0.319">
<failure message="blog-cta.spec.ts:68:7 should display CTAs on blog posts" type="FAILURE">
<![CDATA[  [chromium] › tests/blog-cta.spec.ts:68:7 › Blog CTA E2E Tests › should display CTAs on blog posts 

    Error: page.goto: net::ERR_CONNECTION_REFUSED at http://localhost:3000/blog
    Call log:
      - navigating to "http://localhost:3000/blog", waiting until "load"


      68 |   test('should display CTAs on blog posts', async ({ page }) => {
      69 |     // Navigate to a specific blog post if available
    > 70 |     await page.goto('/blog');
         |                ^
      71 |     await page.waitForLoadState('networkidle');
      72 |     
      73 |     // Look for blog post links
        at /home/am/TestAlex/e2e/tests/blog-cta.spec.ts:70:16

    attachment #1: screenshot (image/png) ──────────────────────────────────────────────────────────
    ../test-results/tests-blog-cta-Blog-CTA-E2-eca02--display-CTAs-on-blog-posts-chromium/test-failed-1.png
    ────────────────────────────────────────────────────────────────────────────────────────────────

    attachment #2: video (video/webm) ──────────────────────────────────────────────────────────────
    ../test-results/tests-blog-cta-Blog-CTA-E2-eca02--display-CTAs-on-blog-posts-chromium/video.webm
    ────────────────────────────────────────────────────────────────────────────────────────────────

    Error Context: ../test-results/tests-blog-cta-Blog-CTA-E2-eca02--display-CTAs-on-blog-posts-chromium/error-context.md
]]>
</failure>
<system-out>
<![CDATA[
[[ATTACHMENT|tests-blog-cta-Blog-CTA-E2-eca02--display-CTAs-on-blog-posts-chromium/test-failed-1.png]]

[[ATTACHMENT|tests-blog-cta-Blog-CTA-E2-eca02--display-CTAs-on-blog-posts-chromium/video.webm]]

[[ATTACHMENT|tests-blog-cta-Blog-CTA-E2-eca02--display-CTAs-on-blog-posts-chromium/error-context.md]]
]]>
</system-out>
</testcase>
<testcase name="Blog CTA E2E Tests › should handle CTA hover effects" classname="tests/blog-cta.spec.ts" time="0.388">
<failure message="blog-cta.spec.ts:92:7 should handle CTA hover effects" type="FAILURE">
<![CDATA[  [chromium] › tests/blog-cta.spec.ts:92:7 › Blog CTA E2E Tests › should handle CTA hover effects ──

    Error: page.goto: net::ERR_CONNECTION_REFUSED at http://localhost:3000/blog
    Call log:
      - navigating to "http://localhost:3000/blog", waiting until "load"


       at utils/blog-cta-page.ts:43

      41 |    */
      42 |   async navigateToBlog(): Promise<void> {
    > 43 |     await this.page.goto('/blog');
         |                     ^
      44 |     await this.helpers.waitForNetworkIdle();
      45 |     await this.helpers.waitForStableElement(this.blogContainer);
      46 |   }
        at BlogCTAPage.navigateToBlog (/home/am/TestAlex/e2e/utils/blog-cta-page.ts:43:21)
        at /home/am/TestAlex/e2e/tests/blog-cta.spec.ts:93:23

    attachment #1: screenshot (image/png) ──────────────────────────────────────────────────────────
    ../test-results/tests-blog-cta-Blog-CTA-E2-63908-ld-handle-CTA-hover-effects-chromium/test-failed-1.png
    ────────────────────────────────────────────────────────────────────────────────────────────────

    attachment #2: video (video/webm) ──────────────────────────────────────────────────────────────
    ../test-results/tests-blog-cta-Blog-CTA-E2-63908-ld-handle-CTA-hover-effects-chromium/video.webm
    ────────────────────────────────────────────────────────────────────────────────────────────────

    Error Context: ../test-results/tests-blog-cta-Blog-CTA-E2-63908-ld-handle-CTA-hover-effects-chromium/error-context.md
]]>
</failure>
<system-out>
<![CDATA[
[[ATTACHMENT|tests-blog-cta-Blog-CTA-E2-63908-ld-handle-CTA-hover-effects-chromium/test-failed-1.png]]

[[ATTACHMENT|tests-blog-cta-Blog-CTA-E2-63908-ld-handle-CTA-hover-effects-chromium/video.webm]]

[[ATTACHMENT|tests-blog-cta-Blog-CTA-E2-63908-ld-handle-CTA-hover-effects-chromium/error-context.md]]
]]>
</system-out>
</testcase>
<testcase name="Blog CTA E2E Tests › should handle multiple CTA placements" classname="tests/blog-cta.spec.ts" time="0.398">
<failure message="blog-cta.spec.ts:125:7 should handle multiple CTA placements" type="FAILURE">
<![CDATA[  [chromium] › tests/blog-cta.spec.ts:125:7 › Blog CTA E2E Tests › should handle multiple CTA placements 

    Error: page.goto: net::ERR_CONNECTION_REFUSED at http://localhost:3000/blog
    Call log:
      - navigating to "http://localhost:3000/blog", waiting until "load"


       at utils/blog-cta-page.ts:43

      41 |    */
      42 |   async navigateToBlog(): Promise<void> {
    > 43 |     await this.page.goto('/blog');
         |                     ^
      44 |     await this.helpers.waitForNetworkIdle();
      45 |     await this.helpers.waitForStableElement(this.blogContainer);
      46 |   }
        at BlogCTAPage.navigateToBlog (/home/am/TestAlex/e2e/utils/blog-cta-page.ts:43:21)
        at /home/am/TestAlex/e2e/tests/blog-cta.spec.ts:126:23

    attachment #1: screenshot (image/png) ──────────────────────────────────────────────────────────
    ../test-results/tests-blog-cta-Blog-CTA-E2-7ee7e-dle-multiple-CTA-placements-chromium/test-failed-1.png
    ────────────────────────────────────────────────────────────────────────────────────────────────

    attachment #2: video (video/webm) ──────────────────────────────────────────────────────────────
    ../test-results/tests-blog-cta-Blog-CTA-E2-7ee7e-dle-multiple-CTA-placements-chromium/video.webm
    ────────────────────────────────────────────────────────────────────────────────────────────────

    Error Context: ../test-results/tests-blog-cta-Blog-CTA-E2-7ee7e-dle-multiple-CTA-placements-chromium/error-context.md
]]>
</failure>
<system-out>
<![CDATA[
[[ATTACHMENT|tests-blog-cta-Blog-CTA-E2-7ee7e-dle-multiple-CTA-placements-chromium/test-failed-1.png]]

[[ATTACHMENT|tests-blog-cta-Blog-CTA-E2-7ee7e-dle-multiple-CTA-placements-chromium/video.webm]]

[[ATTACHMENT|tests-blog-cta-Blog-CTA-E2-7ee7e-dle-multiple-CTA-placements-chromium/error-context.md]]
]]>
</system-out>
</testcase>
<testcase name="Blog CTA E2E Tests › should maintain CTA visibility during scroll" classname="tests/blog-cta.spec.ts" time="0.348">
<failure message="blog-cta.spec.ts:149:7 should maintain CTA visibility during scroll" type="FAILURE">
<![CDATA[  [chromium] › tests/blog-cta.spec.ts:149:7 › Blog CTA E2E Tests › should maintain CTA visibility during scroll 

    Error: page.goto: net::ERR_CONNECTION_REFUSED at http://localhost:3000/blog
    Call log:
      - navigating to "http://localhost:3000/blog", waiting until "load"


       at utils/blog-cta-page.ts:43

      41 |    */
      42 |   async navigateToBlog(): Promise<void> {
    > 43 |     await this.page.goto('/blog');
         |                     ^
      44 |     await this.helpers.waitForNetworkIdle();
      45 |     await this.helpers.waitForStableElement(this.blogContainer);
      46 |   }
        at BlogCTAPage.navigateToBlog (/home/am/TestAlex/e2e/utils/blog-cta-page.ts:43:21)
        at /home/am/TestAlex/e2e/tests/blog-cta.spec.ts:150:23

    attachment #1: screenshot (image/png) ──────────────────────────────────────────────────────────
    ../test-results/tests-blog-cta-Blog-CTA-E2-8960e-TA-visibility-during-scroll-chromium/test-failed-1.png
    ────────────────────────────────────────────────────────────────────────────────────────────────

    attachment #2: video (video/webm) ──────────────────────────────────────────────────────────────
    ../test-results/tests-blog-cta-Blog-CTA-E2-8960e-TA-visibility-during-scroll-chromium/video.webm
    ────────────────────────────────────────────────────────────────────────────────────────────────

    Error Context: ../test-results/tests-blog-cta-Blog-CTA-E2-8960e-TA-visibility-during-scroll-chromium/error-context.md
]]>
</failure>
<system-out>
<![CDATA[
[[ATTACHMENT|tests-blog-cta-Blog-CTA-E2-8960e-TA-visibility-during-scroll-chromium/test-failed-1.png]]

[[ATTACHMENT|tests-blog-cta-Blog-CTA-E2-8960e-TA-visibility-during-scroll-chromium/video.webm]]

[[ATTACHMENT|tests-blog-cta-Blog-CTA-E2-8960e-TA-visibility-during-scroll-chromium/error-context.md]]
]]>
</system-out>
</testcase>
<testcase name="Blog CTA E2E Tests › should handle CTA for different user segments" classname="tests/blog-cta.spec.ts" time="0.397">
<failure message="blog-cta.spec.ts:167:7 should handle CTA for different user segments" type="FAILURE">
<![CDATA[  [chromium] › tests/blog-cta.spec.ts:167:7 › Blog CTA E2E Tests › should handle CTA for different user segments 

    Error: page.goto: net::ERR_CONNECTION_REFUSED at http://localhost:3000/blog
    Call log:
      - navigating to "http://localhost:3000/blog", waiting until "load"


       at utils/blog-cta-page.ts:43

      41 |    */
      42 |   async navigateToBlog(): Promise<void> {
    > 43 |     await this.page.goto('/blog');
         |                     ^
      44 |     await this.helpers.waitForNetworkIdle();
      45 |     await this.helpers.waitForStableElement(this.blogContainer);
      46 |   }
        at BlogCTAPage.navigateToBlog (/home/am/TestAlex/e2e/utils/blog-cta-page.ts:43:21)
        at /home/am/TestAlex/e2e/tests/blog-cta.spec.ts:168:23

    attachment #1: screenshot (image/png) ──────────────────────────────────────────────────────────
    ../test-results/tests-blog-cta-Blog-CTA-E2-9a27b-for-different-user-segments-chromium/test-failed-1.png
    ────────────────────────────────────────────────────────────────────────────────────────────────

    attachment #2: video (video/webm) ──────────────────────────────────────────────────────────────
    ../test-results/tests-blog-cta-Blog-CTA-E2-9a27b-for-different-user-segments-chromium/video.webm
    ────────────────────────────────────────────────────────────────────────────────────────────────

    Error Context: ../test-results/tests-blog-cta-Blog-CTA-E2-9a27b-for-different-user-segments-chromium/error-context.md
]]>
</failure>
<system-out>
<![CDATA[
[[ATTACHMENT|tests-blog-cta-Blog-CTA-E2-9a27b-for-different-user-segments-chromium/test-failed-1.png]]

[[ATTACHMENT|tests-blog-cta-Blog-CTA-E2-9a27b-for-different-user-segments-chromium/video.webm]]

[[ATTACHMENT|tests-blog-cta-Blog-CTA-E2-9a27b-for-different-user-segments-chromium/error-context.md]]
]]>
</system-out>
</testcase>
<testcase name="Blog CTA E2E Tests › should show appropriate CTAs based on content" classname="tests/blog-cta.spec.ts" time="0.383">
<failure message="blog-cta.spec.ts:188:7 should show appropriate CTAs based on content" type="FAILURE">
<![CDATA[  [chromium] › tests/blog-cta.spec.ts:188:7 › Blog CTA E2E Tests › should show appropriate CTAs based on content 

    Error: page.goto: net::ERR_CONNECTION_REFUSED at http://localhost:3000/blog
    Call log:
      - navigating to "http://localhost:3000/blog", waiting until "load"


       at utils/blog-cta-page.ts:43

      41 |    */
      42 |   async navigateToBlog(): Promise<void> {
    > 43 |     await this.page.goto('/blog');
         |                     ^
      44 |     await this.helpers.waitForNetworkIdle();
      45 |     await this.helpers.waitForStableElement(this.blogContainer);
      46 |   }
        at BlogCTAPage.navigateToBlog (/home/am/TestAlex/e2e/utils/blog-cta-page.ts:43:21)
        at /home/am/TestAlex/e2e/tests/blog-cta.spec.ts:189:23

    attachment #1: screenshot (image/png) ──────────────────────────────────────────────────────────
    ../test-results/tests-blog-cta-Blog-CTA-E2-e2f84-riate-CTAs-based-on-content-chromium/test-failed-1.png
    ────────────────────────────────────────────────────────────────────────────────────────────────

    attachment #2: video (video/webm) ──────────────────────────────────────────────────────────────
    ../test-results/tests-blog-cta-Blog-CTA-E2-e2f84-riate-CTAs-based-on-content-chromium/video.webm
    ────────────────────────────────────────────────────────────────────────────────────────────────

    Error Context: ../test-results/tests-blog-cta-Blog-CTA-E2-e2f84-riate-CTAs-based-on-content-chromium/error-context.md
]]>
</failure>
<system-out>
<![CDATA[
[[ATTACHMENT|tests-blog-cta-Blog-CTA-E2-e2f84-riate-CTAs-based-on-content-chromium/test-failed-1.png]]

[[ATTACHMENT|tests-blog-cta-Blog-CTA-E2-e2f84-riate-CTAs-based-on-content-chromium/video.webm]]

[[ATTACHMENT|tests-blog-cta-Blog-CTA-E2-e2f84-riate-CTAs-based-on-content-chromium/error-context.md]]
]]>
</system-out>
</testcase>
<testcase name="Blog CTA E2E Tests › should handle CTA A/B test variations" classname="tests/blog-cta.spec.ts" time="0.352">
<failure message="blog-cta.spec.ts:206:7 should handle CTA A/B test variations" type="FAILURE">
<![CDATA[  [chromium] › tests/blog-cta.spec.ts:206:7 › Blog CTA E2E Tests › should handle CTA A/B test variations 

    Error: page.goto: net::ERR_CONNECTION_REFUSED at http://localhost:3000/blog
    Call log:
      - navigating to "http://localhost:3000/blog", waiting until "load"


       at utils/blog-cta-page.ts:43

      41 |    */
      42 |   async navigateToBlog(): Promise<void> {
    > 43 |     await this.page.goto('/blog');
         |                     ^
      44 |     await this.helpers.waitForNetworkIdle();
      45 |     await this.helpers.waitForStableElement(this.blogContainer);
      46 |   }
        at BlogCTAPage.navigateToBlog (/home/am/TestAlex/e2e/utils/blog-cta-page.ts:43:21)
        at /home/am/TestAlex/e2e/tests/blog-cta.spec.ts:207:23

    attachment #1: screenshot (image/png) ──────────────────────────────────────────────────────────
    ../test-results/tests-blog-cta-Blog-CTA-E2-d39a1-dle-CTA-A-B-test-variations-chromium/test-failed-1.png
    ────────────────────────────────────────────────────────────────────────────────────────────────

    attachment #2: video (video/webm) ──────────────────────────────────────────────────────────────
    ../test-results/tests-blog-cta-Blog-CTA-E2-d39a1-dle-CTA-A-B-test-variations-chromium/video.webm
    ────────────────────────────────────────────────────────────────────────────────────────────────

    Error Context: ../test-results/tests-blog-cta-Blog-CTA-E2-d39a1-dle-CTA-A-B-test-variations-chromium/error-context.md
]]>
</failure>
<system-out>
<![CDATA[
[[ATTACHMENT|tests-blog-cta-Blog-CTA-E2-d39a1-dle-CTA-A-B-test-variations-chromium/test-failed-1.png]]

[[ATTACHMENT|tests-blog-cta-Blog-CTA-E2-d39a1-dle-CTA-A-B-test-variations-chromium/video.webm]]

[[ATTACHMENT|tests-blog-cta-Blog-CTA-E2-d39a1-dle-CTA-A-B-test-variations-chromium/error-context.md]]
]]>
</system-out>
</testcase>
</testsuite>
<testsuite name="tests/chat.spec.ts" timestamp="2025-08-14T13:39:24.147Z" hostname="chromium" tests="13" failures="13" skipped="0" time="6.083" errors="0">
<testcase name="Chat Interface E2E Tests › should display chat interface correctly" classname="tests/chat.spec.ts" time="0.504">
<failure message="chat.spec.ts:12:7 should display chat interface correctly" type="FAILURE">
<![CDATA[  [chromium] › tests/chat.spec.ts:12:7 › Chat Interface E2E Tests › should display chat interface correctly 

    Error: page.goto: net::ERR_CONNECTION_REFUSED at http://localhost:3000/chat
    Call log:
      - navigating to "http://localhost:3000/chat", waiting until "load"


       at utils/chat-page.ts:33

      31 |    */
      32 |   async navigateToChat(): Promise<void> {
    > 33 |     await this.page.goto('/chat');
         |                     ^
      34 |     await this.helpers.waitForNetworkIdle();
      35 |     await this.helpers.waitForStableElement(this.chatContainer);
      36 |   }
        at ChatPage.navigateToChat (/home/am/TestAlex/e2e/utils/chat-page.ts:33:21)
        at /home/am/TestAlex/e2e/tests/chat.spec.ts:9:20

    attachment #1: screenshot (image/png) ──────────────────────────────────────────────────────────
    ../test-results/tests-chat-Chat-Interface--38dfb-ay-chat-interface-correctly-chromium/test-failed-1.png
    ────────────────────────────────────────────────────────────────────────────────────────────────

    attachment #2: video (video/webm) ──────────────────────────────────────────────────────────────
    ../test-results/tests-chat-Chat-Interface--38dfb-ay-chat-interface-correctly-chromium/video.webm
    ────────────────────────────────────────────────────────────────────────────────────────────────

    Error Context: ../test-results/tests-chat-Chat-Interface--38dfb-ay-chat-interface-correctly-chromium/error-context.md
]]>
</failure>
<system-out>
<![CDATA[
[[ATTACHMENT|tests-chat-Chat-Interface--38dfb-ay-chat-interface-correctly-chromium/test-failed-1.png]]

[[ATTACHMENT|tests-chat-Chat-Interface--38dfb-ay-chat-interface-correctly-chromium/video.webm]]

[[ATTACHMENT|tests-chat-Chat-Interface--38dfb-ay-chat-interface-correctly-chromium/error-context.md]]
]]>
</system-out>
</testcase>
<testcase name="Chat Interface E2E Tests › should send and receive messages" classname="tests/chat.spec.ts" time="0.464">
<failure message="chat.spec.ts:21:7 should send and receive messages" type="FAILURE">
<![CDATA[  [chromium] › tests/chat.spec.ts:21:7 › Chat Interface E2E Tests › should send and receive messages 

    Error: page.goto: net::ERR_CONNECTION_REFUSED at http://localhost:3000/chat
    Call log:
      - navigating to "http://localhost:3000/chat", waiting until "load"


       at utils/chat-page.ts:33

      31 |    */
      32 |   async navigateToChat(): Promise<void> {
    > 33 |     await this.page.goto('/chat');
         |                     ^
      34 |     await this.helpers.waitForNetworkIdle();
      35 |     await this.helpers.waitForStableElement(this.chatContainer);
      36 |   }
        at ChatPage.navigateToChat (/home/am/TestAlex/e2e/utils/chat-page.ts:33:21)
        at /home/am/TestAlex/e2e/tests/chat.spec.ts:9:20

    attachment #1: screenshot (image/png) ──────────────────────────────────────────────────────────
    ../test-results/tests-chat-Chat-Interface--0aefe-d-send-and-receive-messages-chromium/test-failed-1.png
    ────────────────────────────────────────────────────────────────────────────────────────────────

    attachment #2: video (video/webm) ──────────────────────────────────────────────────────────────
    ../test-results/tests-chat-Chat-Interface--0aefe-d-send-and-receive-messages-chromium/video.webm
    ────────────────────────────────────────────────────────────────────────────────────────────────

    Error Context: ../test-results/tests-chat-Chat-Interface--0aefe-d-send-and-receive-messages-chromium/error-context.md
]]>
</failure>
<system-out>
<![CDATA[
[[ATTACHMENT|tests-chat-Chat-Interface--0aefe-d-send-and-receive-messages-chromium/test-failed-1.png]]

[[ATTACHMENT|tests-chat-Chat-Interface--0aefe-d-send-and-receive-messages-chromium/video.webm]]

[[ATTACHMENT|tests-chat-Chat-Interface--0aefe-d-send-and-receive-messages-chromium/error-context.md]]
]]>
</system-out>
</testcase>
<testcase name="Chat Interface E2E Tests › should validate ACIM content authenticity" classname="tests/chat.spec.ts" time="0.397">
<failure message="chat.spec.ts:31:7 should validate ACIM content authenticity" type="FAILURE">
<![CDATA[  [chromium] › tests/chat.spec.ts:31:7 › Chat Interface E2E Tests › should validate ACIM content authenticity 

    Error: page.goto: net::ERR_CONNECTION_REFUSED at http://localhost:3000/chat
    Call log:
      - navigating to "http://localhost:3000/chat", waiting until "load"


       at utils/chat-page.ts:33

      31 |    */
      32 |   async navigateToChat(): Promise<void> {
    > 33 |     await this.page.goto('/chat');
         |                     ^
      34 |     await this.helpers.waitForNetworkIdle();
      35 |     await this.helpers.waitForStableElement(this.chatContainer);
      36 |   }
        at ChatPage.navigateToChat (/home/am/TestAlex/e2e/utils/chat-page.ts:33:21)
        at /home/am/TestAlex/e2e/tests/chat.spec.ts:9:20

    attachment #1: screenshot (image/png) ──────────────────────────────────────────────────────────
    ../test-results/tests-chat-Chat-Interface--85055-e-ACIM-content-authenticity-chromium/test-failed-1.png
    ────────────────────────────────────────────────────────────────────────────────────────────────

    attachment #2: video (video/webm) ──────────────────────────────────────────────────────────────
    ../test-results/tests-chat-Chat-Interface--85055-e-ACIM-content-authenticity-chromium/video.webm
    ────────────────────────────────────────────────────────────────────────────────────────────────

    Error Context: ../test-results/tests-chat-Chat-Interface--85055-e-ACIM-content-authenticity-chromium/error-context.md
]]>
</failure>
<system-out>
<![CDATA[
[[ATTACHMENT|tests-chat-Chat-Interface--85055-e-ACIM-content-authenticity-chromium/test-failed-1.png]]

[[ATTACHMENT|tests-chat-Chat-Interface--85055-e-ACIM-content-authenticity-chromium/video.webm]]

[[ATTACHMENT|tests-chat-Chat-Interface--85055-e-ACIM-content-authenticity-chromium/error-context.md]]
]]>
</system-out>
</testcase>
<testcase name="Chat Interface E2E Tests › should handle quick actions" classname="tests/chat.spec.ts" time="0.537">
<failure message="chat.spec.ts:35:7 should handle quick actions" type="FAILURE">
<![CDATA[  [chromium] › tests/chat.spec.ts:35:7 › Chat Interface E2E Tests › should handle quick actions ────

    Error: page.goto: net::ERR_CONNECTION_REFUSED at http://localhost:3000/chat
    Call log:
      - navigating to "http://localhost:3000/chat", waiting until "load"


       at utils/chat-page.ts:33

      31 |    */
      32 |   async navigateToChat(): Promise<void> {
    > 33 |     await this.page.goto('/chat');
         |                     ^
      34 |     await this.helpers.waitForNetworkIdle();
      35 |     await this.helpers.waitForStableElement(this.chatContainer);
      36 |   }
        at ChatPage.navigateToChat (/home/am/TestAlex/e2e/utils/chat-page.ts:33:21)
        at /home/am/TestAlex/e2e/tests/chat.spec.ts:9:20

    attachment #1: screenshot (image/png) ──────────────────────────────────────────────────────────
    ../test-results/tests-chat-Chat-Interface--10929-should-handle-quick-actions-chromium/test-failed-1.png
    ────────────────────────────────────────────────────────────────────────────────────────────────

    attachment #2: video (video/webm) ──────────────────────────────────────────────────────────────
    ../test-results/tests-chat-Chat-Interface--10929-should-handle-quick-actions-chromium/video.webm
    ────────────────────────────────────────────────────────────────────────────────────────────────

    Error Context: ../test-results/tests-chat-Chat-Interface--10929-should-handle-quick-actions-chromium/error-context.md
]]>
</failure>
<system-out>
<![CDATA[
[[ATTACHMENT|tests-chat-Chat-Interface--10929-should-handle-quick-actions-chromium/test-failed-1.png]]

[[ATTACHMENT|tests-chat-Chat-Interface--10929-should-handle-quick-actions-chromium/video.webm]]

[[ATTACHMENT|tests-chat-Chat-Interface--10929-should-handle-quick-actions-chromium/error-context.md]]
]]>
</system-out>
</testcase>
<testcase name="Chat Interface E2E Tests › should handle error scenarios gracefully" classname="tests/chat.spec.ts" time="0.557">
<failure message="chat.spec.ts:39:7 should handle error scenarios gracefully" type="FAILURE">
<![CDATA[  [chromium] › tests/chat.spec.ts:39:7 › Chat Interface E2E Tests › should handle error scenarios gracefully 

    Error: page.goto: net::ERR_CONNECTION_REFUSED at http://localhost:3000/chat
    Call log:
      - navigating to "http://localhost:3000/chat", waiting until "load"


       at utils/chat-page.ts:33

      31 |    */
      32 |   async navigateToChat(): Promise<void> {
    > 33 |     await this.page.goto('/chat');
         |                     ^
      34 |     await this.helpers.waitForNetworkIdle();
      35 |     await this.helpers.waitForStableElement(this.chatContainer);
      36 |   }
        at ChatPage.navigateToChat (/home/am/TestAlex/e2e/utils/chat-page.ts:33:21)
        at /home/am/TestAlex/e2e/tests/chat.spec.ts:9:20

    attachment #1: screenshot (image/png) ──────────────────────────────────────────────────────────
    ../test-results/tests-chat-Chat-Interface--6dc72--error-scenarios-gracefully-chromium/test-failed-1.png
    ────────────────────────────────────────────────────────────────────────────────────────────────

    attachment #2: video (video/webm) ──────────────────────────────────────────────────────────────
    ../test-results/tests-chat-Chat-Interface--6dc72--error-scenarios-gracefully-chromium/video.webm
    ────────────────────────────────────────────────────────────────────────────────────────────────

    Error Context: ../test-results/tests-chat-Chat-Interface--6dc72--error-scenarios-gracefully-chromium/error-context.md
]]>
</failure>
<system-out>
<![CDATA[
[[ATTACHMENT|tests-chat-Chat-Interface--6dc72--error-scenarios-gracefully-chromium/test-failed-1.png]]

[[ATTACHMENT|tests-chat-Chat-Interface--6dc72--error-scenarios-gracefully-chromium/video.webm]]

[[ATTACHMENT|tests-chat-Chat-Interface--6dc72--error-scenarios-gracefully-chromium/error-context.md]]
]]>
</system-out>
</testcase>
<testcase name="Chat Interface E2E Tests › should be accessible via keyboard navigation" classname="tests/chat.spec.ts" time="0.535">
<failure message="chat.spec.ts:43:7 should be accessible via keyboard navigation" type="FAILURE">
<![CDATA[  [chromium] › tests/chat.spec.ts:43:7 › Chat Interface E2E Tests › should be accessible via keyboard navigation 

    Error: page.goto: net::ERR_CONNECTION_REFUSED at http://localhost:3000/chat
    Call log:
      - navigating to "http://localhost:3000/chat", waiting until "load"


       at utils/chat-page.ts:33

      31 |    */
      32 |   async navigateToChat(): Promise<void> {
    > 33 |     await this.page.goto('/chat');
         |                     ^
      34 |     await this.helpers.waitForNetworkIdle();
      35 |     await this.helpers.waitForStableElement(this.chatContainer);
      36 |   }
        at ChatPage.navigateToChat (/home/am/TestAlex/e2e/utils/chat-page.ts:33:21)
        at /home/am/TestAlex/e2e/tests/chat.spec.ts:9:20

    attachment #1: screenshot (image/png) ──────────────────────────────────────────────────────────
    ../test-results/tests-chat-Chat-Interface--09767-ble-via-keyboard-navigation-chromium/test-failed-1.png
    ────────────────────────────────────────────────────────────────────────────────────────────────

    attachment #2: video (video/webm) ──────────────────────────────────────────────────────────────
    ../test-results/tests-chat-Chat-Interface--09767-ble-via-keyboard-navigation-chromium/video.webm
    ────────────────────────────────────────────────────────────────────────────────────────────────

    Error Context: ../test-results/tests-chat-Chat-Interface--09767-ble-via-keyboard-navigation-chromium/error-context.md
]]>
</failure>
<system-out>
<![CDATA[
[[ATTACHMENT|tests-chat-Chat-Interface--09767-ble-via-keyboard-navigation-chromium/test-failed-1.png]]

[[ATTACHMENT|tests-chat-Chat-Interface--09767-ble-via-keyboard-navigation-chromium/video.webm]]

[[ATTACHMENT|tests-chat-Chat-Interface--09767-ble-via-keyboard-navigation-chromium/error-context.md]]
]]>
</system-out>
</testcase>
<testcase name="Chat Interface E2E Tests › should perform well under load" classname="tests/chat.spec.ts" time="0.4">
<failure message="chat.spec.ts:47:7 should perform well under load" type="FAILURE">
<![CDATA[  [chromium] › tests/chat.spec.ts:47:7 › Chat Interface E2E Tests › should perform well under load ─

    Error: page.goto: net::ERR_CONNECTION_REFUSED at http://localhost:3000/chat
    Call log:
      - navigating to "http://localhost:3000/chat", waiting until "load"


       at utils/chat-page.ts:33

      31 |    */
      32 |   async navigateToChat(): Promise<void> {
    > 33 |     await this.page.goto('/chat');
         |                     ^
      34 |     await this.helpers.waitForNetworkIdle();
      35 |     await this.helpers.waitForStableElement(this.chatContainer);
      36 |   }
        at ChatPage.navigateToChat (/home/am/TestAlex/e2e/utils/chat-page.ts:33:21)
        at /home/am/TestAlex/e2e/tests/chat.spec.ts:9:20

    attachment #1: screenshot (image/png) ──────────────────────────────────────────────────────────
    ../test-results/tests-chat-Chat-Interface--edce9-uld-perform-well-under-load-chromium/test-failed-1.png
    ────────────────────────────────────────────────────────────────────────────────────────────────

    attachment #2: video (video/webm) ──────────────────────────────────────────────────────────────
    ../test-results/tests-chat-Chat-Interface--edce9-uld-perform-well-under-load-chromium/video.webm
    ────────────────────────────────────────────────────────────────────────────────────────────────

    Error Context: ../test-results/tests-chat-Chat-Interface--edce9-uld-perform-well-under-load-chromium/error-context.md
]]>
</failure>
<system-out>
<![CDATA[
[[ATTACHMENT|tests-chat-Chat-Interface--edce9-uld-perform-well-under-load-chromium/test-failed-1.png]]

[[ATTACHMENT|tests-chat-Chat-Interface--edce9-uld-perform-well-under-load-chromium/video.webm]]

[[ATTACHMENT|tests-chat-Chat-Interface--edce9-uld-perform-well-under-load-chromium/error-context.md]]
]]>
</system-out>
</testcase>
<testcase name="Chat Interface E2E Tests › should work correctly on mobile devices" classname="tests/chat.spec.ts" time="0.437">
<failure message="chat.spec.ts:51:7 should work correctly on mobile devices" type="FAILURE">
<![CDATA[  [chromium] › tests/chat.spec.ts:51:7 › Chat Interface E2E Tests › should work correctly on mobile devices 

    Error: page.goto: net::ERR_CONNECTION_REFUSED at http://localhost:3000/chat
    Call log:
      - navigating to "http://localhost:3000/chat", waiting until "load"


       at utils/chat-page.ts:33

      31 |    */
      32 |   async navigateToChat(): Promise<void> {
    > 33 |     await this.page.goto('/chat');
         |                     ^
      34 |     await this.helpers.waitForNetworkIdle();
      35 |     await this.helpers.waitForStableElement(this.chatContainer);
      36 |   }
        at ChatPage.navigateToChat (/home/am/TestAlex/e2e/utils/chat-page.ts:33:21)
        at /home/am/TestAlex/e2e/tests/chat.spec.ts:9:20

    attachment #1: screenshot (image/png) ──────────────────────────────────────────────────────────
    ../test-results/tests-chat-Chat-Interface--d21c0-correctly-on-mobile-devices-chromium/test-failed-1.png
    ────────────────────────────────────────────────────────────────────────────────────────────────

    attachment #2: video (video/webm) ──────────────────────────────────────────────────────────────
    ../test-results/tests-chat-Chat-Interface--d21c0-correctly-on-mobile-devices-chromium/video.webm
    ────────────────────────────────────────────────────────────────────────────────────────────────

    Error Context: ../test-results/tests-chat-Chat-Interface--d21c0-correctly-on-mobile-devices-chromium/error-context.md
]]>
</failure>
<system-out>
<![CDATA[
[[ATTACHMENT|tests-chat-Chat-Interface--d21c0-correctly-on-mobile-devices-chromium/test-failed-1.png]]

[[ATTACHMENT|tests-chat-Chat-Interface--d21c0-correctly-on-mobile-devices-chromium/video.webm]]

[[ATTACHMENT|tests-chat-Chat-Interface--d21c0-correctly-on-mobile-devices-chromium/error-context.md]]
]]>
</system-out>
</testcase>
<testcase name="Chat Interface E2E Tests › should allow clearing chat history" classname="tests/chat.spec.ts" time="0.487">
<failure message="chat.spec.ts:55:7 should allow clearing chat history" type="FAILURE">
<![CDATA[  [chromium] › tests/chat.spec.ts:55:7 › Chat Interface E2E Tests › should allow clearing chat history 

    Error: page.goto: net::ERR_CONNECTION_REFUSED at http://localhost:3000/chat
    Call log:
      - navigating to "http://localhost:3000/chat", waiting until "load"


       at utils/chat-page.ts:33

      31 |    */
      32 |   async navigateToChat(): Promise<void> {
    > 33 |     await this.page.goto('/chat');
         |                     ^
      34 |     await this.helpers.waitForNetworkIdle();
      35 |     await this.helpers.waitForStableElement(this.chatContainer);
      36 |   }
        at ChatPage.navigateToChat (/home/am/TestAlex/e2e/utils/chat-page.ts:33:21)
        at /home/am/TestAlex/e2e/tests/chat.spec.ts:9:20

    attachment #1: screenshot (image/png) ──────────────────────────────────────────────────────────
    ../test-results/tests-chat-Chat-Interface--d2347-allow-clearing-chat-history-chromium/test-failed-1.png
    ────────────────────────────────────────────────────────────────────────────────────────────────

    attachment #2: video (video/webm) ──────────────────────────────────────────────────────────────
    ../test-results/tests-chat-Chat-Interface--d2347-allow-clearing-chat-history-chromium/video.webm
    ────────────────────────────────────────────────────────────────────────────────────────────────

    Error Context: ../test-results/tests-chat-Chat-Interface--d2347-allow-clearing-chat-history-chromium/error-context.md
]]>
</failure>
<system-out>
<![CDATA[
[[ATTACHMENT|tests-chat-Chat-Interface--d2347-allow-clearing-chat-history-chromium/test-failed-1.png]]

[[ATTACHMENT|tests-chat-Chat-Interface--d2347-allow-clearing-chat-history-chromium/video.webm]]

[[ATTACHMENT|tests-chat-Chat-Interface--d2347-allow-clearing-chat-history-chromium/error-context.md]]
]]>
</system-out>
</testcase>
<testcase name="Chat Interface E2E Tests › should handle special ACIM queries" classname="tests/chat.spec.ts" time="0.455">
<failure message="chat.spec.ts:64:7 should handle special ACIM queries" type="FAILURE">
<![CDATA[  [chromium] › tests/chat.spec.ts:64:7 › Chat Interface E2E Tests › should handle special ACIM queries 

    Error: page.goto: net::ERR_CONNECTION_REFUSED at http://localhost:3000/chat
    Call log:
      - navigating to "http://localhost:3000/chat", waiting until "load"


       at utils/chat-page.ts:33

      31 |    */
      32 |   async navigateToChat(): Promise<void> {
    > 33 |     await this.page.goto('/chat');
         |                     ^
      34 |     await this.helpers.waitForNetworkIdle();
      35 |     await this.helpers.waitForStableElement(this.chatContainer);
      36 |   }
        at ChatPage.navigateToChat (/home/am/TestAlex/e2e/utils/chat-page.ts:33:21)
        at /home/am/TestAlex/e2e/tests/chat.spec.ts:9:20

    attachment #1: screenshot (image/png) ──────────────────────────────────────────────────────────
    ../test-results/tests-chat-Chat-Interface--11978-handle-special-ACIM-queries-chromium/test-failed-1.png
    ────────────────────────────────────────────────────────────────────────────────────────────────

    attachment #2: video (video/webm) ──────────────────────────────────────────────────────────────
    ../test-results/tests-chat-Chat-Interface--11978-handle-special-ACIM-queries-chromium/video.webm
    ────────────────────────────────────────────────────────────────────────────────────────────────

    Error Context: ../test-results/tests-chat-Chat-Interface--11978-handle-special-ACIM-queries-chromium/error-context.md
]]>
</failure>
<system-out>
<![CDATA[
[[ATTACHMENT|tests-chat-Chat-Interface--11978-handle-special-ACIM-queries-chromium/test-failed-1.png]]

[[ATTACHMENT|tests-chat-Chat-Interface--11978-handle-special-ACIM-queries-chromium/video.webm]]

[[ATTACHMENT|tests-chat-Chat-Interface--11978-handle-special-ACIM-queries-chromium/error-context.md]]
]]>
</system-out>
</testcase>
<testcase name="Chat Interface E2E Tests › should maintain conversation context" classname="tests/chat.spec.ts" time="0.376">
<failure message="chat.spec.ts:87:7 should maintain conversation context" type="FAILURE">
<![CDATA[  [chromium] › tests/chat.spec.ts:87:7 › Chat Interface E2E Tests › should maintain conversation context 

    Error: page.goto: net::ERR_CONNECTION_REFUSED at http://localhost:3000/chat
    Call log:
      - navigating to "http://localhost:3000/chat", waiting until "load"


       at utils/chat-page.ts:33

      31 |    */
      32 |   async navigateToChat(): Promise<void> {
    > 33 |     await this.page.goto('/chat');
         |                     ^
      34 |     await this.helpers.waitForNetworkIdle();
      35 |     await this.helpers.waitForStableElement(this.chatContainer);
      36 |   }
        at ChatPage.navigateToChat (/home/am/TestAlex/e2e/utils/chat-page.ts:33:21)
        at /home/am/TestAlex/e2e/tests/chat.spec.ts:9:20

    attachment #1: screenshot (image/png) ──────────────────────────────────────────────────────────
    ../test-results/tests-chat-Chat-Interface--cf44b-intain-conversation-context-chromium/test-failed-1.png
    ────────────────────────────────────────────────────────────────────────────────────────────────

    attachment #2: video (video/webm) ──────────────────────────────────────────────────────────────
    ../test-results/tests-chat-Chat-Interface--cf44b-intain-conversation-context-chromium/video.webm
    ────────────────────────────────────────────────────────────────────────────────────────────────

    Error Context: ../test-results/tests-chat-Chat-Interface--cf44b-intain-conversation-context-chromium/error-context.md
]]>
</failure>
<system-out>
<![CDATA[
[[ATTACHMENT|tests-chat-Chat-Interface--cf44b-intain-conversation-context-chromium/test-failed-1.png]]

[[ATTACHMENT|tests-chat-Chat-Interface--cf44b-intain-conversation-context-chromium/video.webm]]

[[ATTACHMENT|tests-chat-Chat-Interface--cf44b-intain-conversation-context-chromium/error-context.md]]
]]>
</system-out>
</testcase>
<testcase name="Chat Interface E2E Tests › should handle long conversations" classname="tests/chat.spec.ts" time="0.494">
<failure message="chat.spec.ts:101:7 should handle long conversations" type="FAILURE">
<![CDATA[  [chromium] › tests/chat.spec.ts:101:7 › Chat Interface E2E Tests › should handle long conversations 

    Error: page.goto: net::ERR_CONNECTION_REFUSED at http://localhost:3000/chat
    Call log:
      - navigating to "http://localhost:3000/chat", waiting until "load"


       at utils/chat-page.ts:33

      31 |    */
      32 |   async navigateToChat(): Promise<void> {
    > 33 |     await this.page.goto('/chat');
         |                     ^
      34 |     await this.helpers.waitForNetworkIdle();
      35 |     await this.helpers.waitForStableElement(this.chatContainer);
      36 |   }
        at ChatPage.navigateToChat (/home/am/TestAlex/e2e/utils/chat-page.ts:33:21)
        at /home/am/TestAlex/e2e/tests/chat.spec.ts:9:20

    attachment #1: screenshot (image/png) ──────────────────────────────────────────────────────────
    ../test-results/tests-chat-Chat-Interface--8ba00-d-handle-long-conversations-chromium/test-failed-1.png
    ────────────────────────────────────────────────────────────────────────────────────────────────

    attachment #2: video (video/webm) ──────────────────────────────────────────────────────────────
    ../test-results/tests-chat-Chat-Interface--8ba00-d-handle-long-conversations-chromium/video.webm
    ────────────────────────────────────────────────────────────────────────────────────────────────

    Error Context: ../test-results/tests-chat-Chat-Interface--8ba00-d-handle-long-conversations-chromium/error-context.md
]]>
</failure>
<system-out>
<![CDATA[
[[ATTACHMENT|tests-chat-Chat-Interface--8ba00-d-handle-long-conversations-chromium/test-failed-1.png]]

[[ATTACHMENT|tests-chat-Chat-Interface--8ba00-d-handle-long-conversations-chromium/video.webm]]

[...]
    ║ Alternatively, use apt:                              ║
    ║     sudo apt-get install libavif16                   ║
    ║                                                      ║
    ║ <3 Playwright Team                                   ║
    ╚══════════════════════════════════════════════════════╝
]]>
</failure>
</testcase>
<testcase name="Chat Interface E2E Tests › should handle long conversations" classname="tests/chat.spec.ts" time="0.003">
<failure message="chat.spec.ts:101:7 should handle long conversations" type="FAILURE">
<![CDATA[  [Mobile Safari] › tests/chat.spec.ts:101:7 › Chat Interface E2E Tests › should handle long conversations 

    Error: browserType.launch: 
    ╔══════════════════════════════════════════════════════╗
    ║ Host system is missing dependencies to run browsers. ║
    ║ Please install them with the following command:      ║
    ║                                                      ║
    ║     sudo npx playwright install-deps                 ║
    ║                                                      ║
    ║ Alternatively, use apt:                              ║
    ║     sudo apt-get install libavif16                   ║
    ║                                                      ║
    ║ <3 Playwright Team                                   ║
    ╚══════════════════════════════════════════════════════╝
]]>
</failure>
</testcase>
<testcase name="Chat Interface E2E Tests › should handle network interruptions gracefully" classname="tests/chat.spec.ts" time="0.004">
<failure message="chat.spec.ts:121:7 should handle network interruptions gracefully" type="FAILURE">
<![CDATA[  [Mobile Safari] › tests/chat.spec.ts:121:7 › Chat Interface E2E Tests › should handle network interruptions gracefully 

    Error: browserType.launch: 
    ╔══════════════════════════════════════════════════════╗
    ║ Host system is missing dependencies to run browsers. ║
    ║ Please install them with the following command:      ║
    ║                                                      ║
    ║     sudo npx playwright install-deps                 ║
    ║                                                      ║
    ║ Alternatively, use apt:                              ║
    ║     sudo apt-get install libavif16                   ║
    ║                                                      ║
    ║ <3 Playwright Team                                   ║
    ╚══════════════════════════════════════════════════════╝
]]>
</failure>
</testcase>
</testsuite>
<testsuite name="tests/purchase.spec.ts" timestamp="2025-08-14T13:39:24.147Z" hostname="Mobile Safari" tests="16" failures="16" skipped="0" time="0.06" errors="0">
<testcase name="Course Purchase E2E Tests › should display pricing information correctly" classname="tests/purchase.spec.ts" time="0.003">
<failure message="purchase.spec.ts:11:7 should display pricing information correctly" type="FAILURE">
<![CDATA[  [Mobile Safari] › tests/purchase.spec.ts:11:7 › Course Purchase E2E Tests › should display pricing information correctly 

    Error: browserType.launch: 
    ╔══════════════════════════════════════════════════════╗
    ║ Host system is missing dependencies to run browsers. ║
    ║ Please install them with the following command:      ║
    ║                                                      ║
    ║     sudo npx playwright install-deps                 ║
    ║                                                      ║
    ║ Alternatively, use apt:                              ║
    ║     sudo apt-get install libavif16                   ║
    ║                                                      ║
    ║ <3 Playwright Team                                   ║
    ╚══════════════════════════════════════════════════════╝
]]>
</failure>
</testcase>
<testcase name="Course Purchase E2E Tests › should handle valid purchase flow" classname="tests/purchase.spec.ts" time="0.004">
<failure message="purchase.spec.ts:16:7 should handle valid purchase flow" type="FAILURE">
<![CDATA[  [Mobile Safari] › tests/purchase.spec.ts:16:7 › Course Purchase E2E Tests › should handle valid purchase flow 

    Error: browserType.launch: 
    ╔══════════════════════════════════════════════════════╗
    ║ Host system is missing dependencies to run browsers. ║
    ║ Please install them with the following command:      ║
    ║                                                      ║
    ║     sudo npx playwright install-deps                 ║
    ║                                                      ║
    ║ Alternatively, use apt:                              ║
    ║     sudo apt-get install libavif16                   ║
    ║                                                      ║
    ║ <3 Playwright Team                                   ║
    ╚══════════════════════════════════════════════════════╝
]]>
</failure>
</testcase>
<testcase name="Course Purchase E2E Tests › should handle invalid payment details" classname="tests/purchase.spec.ts" time="0.004">
<failure message="purchase.spec.ts:26:7 should handle invalid payment details" type="FAILURE">
<![CDATA[  [Mobile Safari] › tests/purchase.spec.ts:26:7 › Course Purchase E2E Tests › should handle invalid payment details 

    Error: browserType.launch: 
    ╔══════════════════════════════════════════════════════╗
    ║ Host system is missing dependencies to run browsers. ║
    ║ Please install them with the following command:      ║
    ║                                                      ║
    ║     sudo npx playwright install-deps                 ║
    ║                                                      ║
    ║ Alternatively, use apt:                              ║
    ║     sudo apt-get install libavif16                   ║
    ║                                                      ║
    ║ <3 Playwright Team                                   ║
    ╚══════════════════════════════════════════════════════╝
]]>
</failure>
</testcase>
<testcase name="Course Purchase E2E Tests › should show security features" classname="tests/purchase.spec.ts" time="0.004">
<failure message="purchase.spec.ts:31:7 should show security features" type="FAILURE">
<![CDATA[  [Mobile Safari] › tests/purchase.spec.ts:31:7 › Course Purchase E2E Tests › should show security features 

    Error: browserType.launch: 
    ╔══════════════════════════════════════════════════════╗
    ║ Host system is missing dependencies to run browsers. ║
    ║ Please install them with the following command:      ║
    ║                                                      ║
    ║     sudo npx playwright install-deps                 ║
    ║                                                      ║
    ║ Alternatively, use apt:                              ║
    ║     sudo apt-get install libavif16                   ║
    ║                                                      ║
    ║ <3 Playwright Team                                   ║
    ╚══════════════════════════════════════════════════════╝
]]>
</failure>
</testcase>
<testcase name="Course Purchase E2E Tests › should work on mobile devices" classname="tests/purchase.spec.ts" time="0.004">
<failure message="purchase.spec.ts:35:7 should work on mobile devices" type="FAILURE">
<![CDATA[  [Mobile Safari] › tests/purchase.spec.ts:35:7 › Course Purchase E2E Tests › should work on mobile devices 

    Error: browserType.launch: 
    ╔══════════════════════════════════════════════════════╗
    ║ Host system is missing dependencies to run browsers. ║
    ║ Please install them with the following command:      ║
    ║                                                      ║
    ║     sudo npx playwright install-deps                 ║
    ║                                                      ║
    ║ Alternatively, use apt:                              ║
    ║     sudo apt-get install libavif16                   ║
    ║                                                      ║
    ║ <3 Playwright Team                                   ║
    ╚══════════════════════════════════════════════════════╝
]]>
</failure>
</testcase>
<testcase name="Course Purchase E2E Tests › should load purchase page quickly" classname="tests/purchase.spec.ts" time="0.004">
<failure message="purchase.spec.ts:39:7 should load purchase page quickly" type="FAILURE">
<![CDATA[  [Mobile Safari] › tests/purchase.spec.ts:39:7 › Course Purchase E2E Tests › should load purchase page quickly 

    Error: browserType.launch: 
    ╔══════════════════════════════════════════════════════╗
    ║ Host system is missing dependencies to run browsers. ║
    ║ Please install them with the following command:      ║
    ║                                                      ║
    ║     sudo npx playwright install-deps                 ║
    ║                                                      ║
    ║ Alternatively, use apt:                              ║
    ║     sudo apt-get install libavif16                   ║
    ║                                                      ║
    ║ <3 Playwright Team                                   ║
    ╚══════════════════════════════════════════════════════╝
]]>
</failure>
</testcase>
<testcase name="Course Purchase E2E Tests › should be accessible" classname="tests/purchase.spec.ts" time="0.004">
<failure message="purchase.spec.ts:43:7 should be accessible" type="FAILURE">
<![CDATA[  [Mobile Safari] › tests/purchase.spec.ts:43:7 › Course Purchase E2E Tests › should be accessible ─

    Error: browserType.launch: 
    ╔══════════════════════════════════════════════════════╗
    ║ Host system is missing dependencies to run browsers. ║
    ║ Please install them with the following command:      ║
    ║                                                      ║
    ║     sudo npx playwright install-deps                 ║
    ║                                                      ║
    ║ Alternatively, use apt:                              ║
    ║     sudo apt-get install libavif16                   ║
    ║                                                      ║
    ║ <3 Playwright Team                                   ║
    ╚══════════════════════════════════════════════════════╝
]]>
</failure>
</testcase>
<testcase name="Course Purchase E2E Tests › should support different pricing tiers" classname="tests/purchase.spec.ts" time="0.004">
<failure message="purchase.spec.ts:47:7 should support different pricing tiers" type="FAILURE">
<![CDATA[  [Mobile Safari] › tests/purchase.spec.ts:47:7 › Course Purchase E2E Tests › should support different pricing tiers 

    Error: browserType.launch: 
    ╔══════════════════════════════════════════════════════╗
    ║ Host system is missing dependencies to run browsers. ║
    ║ Please install them with the following command:      ║
    ║                                                      ║
    ║     sudo npx playwright install-deps                 ║
    ║                                                      ║
    ║ Alternatively, use apt:                              ║
    ║     sudo apt-get install libavif16                   ║
    ║                                                      ║
    ║ <3 Playwright Team                                   ║
    ╚══════════════════════════════════════════════════════╝
]]>
</failure>
</testcase>
<testcase name="Course Purchase E2E Tests › should allow purchase cancellation" classname="tests/purchase.spec.ts" time="0.004">
<failure message="purchase.spec.ts:52:7 should allow purchase cancellation" type="FAILURE">
<![CDATA[  [Mobile Safari] › tests/purchase.spec.ts:52:7 › Course Purchase E2E Tests › should allow purchase cancellation 

    Error: browserType.launch: 
    ╔══════════════════════════════════════════════════════╗
    ║ Host system is missing dependencies to run browsers. ║
    ║ Please install them with the following command:      ║
    ║                                                      ║
    ║     sudo npx playwright install-deps                 ║
    ║                                                      ║
    ║ Alternatively, use apt:                              ║
    ║     sudo apt-get install libavif16                   ║
    ║                                                      ║
    ║ <3 Playwright Team                                   ║
    ╚══════════════════════════════════════════════════════╝
]]>
</failure>
</testcase>
<testcase name="Course Purchase E2E Tests › should initiate purchase from course page" classname="tests/purchase.spec.ts" time="0.004">
<failure message="purchase.spec.ts:57:7 should initiate purchase from course page" type="FAILURE">
<![CDATA[  [Mobile Safari] › tests/purchase.spec.ts:57:7 › Course Purchase E2E Tests › should initiate purchase from course page 

    Error: browserType.launch: 
    ╔══════════════════════════════════════════════════════╗
    ║ Host system is missing dependencies to run browsers. ║
    ║ Please install them with the following command:      ║
    ║                                                      ║
    ║     sudo npx playwright install-deps                 ║
    ║                                                      ║
    ║ Alternatively, use apt:                              ║
    ║     sudo apt-get install libavif16                   ║
    ║                                                      ║
    ║ <3 Playwright Team                                   ║
    ╚══════════════════════════════════════════════════════╝
]]>
</failure>
</testcase>
<testcase name="Course Purchase E2E Tests › should validate form inputs" classname="tests/purchase.spec.ts" time="0.003">
<failure message="purchase.spec.ts:65:7 should validate form inputs" type="FAILURE">
<![CDATA[  [Mobile Safari] › tests/purchase.spec.ts:65:7 › Course Purchase E2E Tests › should validate form inputs 

    Error: browserType.launch: 
    ╔══════════════════════════════════════════════════════╗
    ║ Host system is missing dependencies to run browsers. ║
    ║ Please install them with the following command:      ║
    ║                                                      ║
    ║     sudo npx playwright install-deps                 ║
    ║                                                      ║
    ║ Alternatively, use apt:                              ║
    ║     sudo apt-get install libavif16                   ║
    ║                                                      ║
    ║ <3 Playwright Team                                   ║
    ╚══════════════════════════════════════════════════════╝
]]>
</failure>
</testcase>
<testcase name="Course Purchase E2E Tests › should handle payment provider integration" classname="tests/purchase.spec.ts" time="0.005">
<failure message="purchase.spec.ts:83:7 should handle payment provider integration" type="FAILURE">
<![CDATA[  [Mobile Safari] › tests/purchase.spec.ts:83:7 › Course Purchase E2E Tests › should handle payment provider integration 

    Error: browserType.launch: 
    ╔══════════════════════════════════════════════════════╗
    ║ Host system is missing dependencies to run browsers. ║
    ║ Please install them with the following command:      ║
    ║                                                      ║
    ║     sudo npx playwright install-deps                 ║
    ║                                                      ║
    ║ Alternatively, use apt:                              ║
    ║     sudo apt-get install libavif16                   ║
    ║                                                      ║
    ║ <3 Playwright Team                                   ║
    ╚══════════════════════════════════════════════════════╝
]]>
</failure>
</testcase>
<testcase name="Course Purchase E2E Tests › should show loading states during payment" classname="tests/purchase.spec.ts" time="0.004">
<failure message="purchase.spec.ts:96:7 should show loading states during payment" type="FAILURE">
<![CDATA[  [Mobile Safari] › tests/purchase.spec.ts:96:7 › Course Purchase E2E Tests › should show loading states during payment 

    Error: browserType.launch: 
    ╔══════════════════════════════════════════════════════╗
    ║ Host system is missing dependencies to run browsers. ║
    ║ Please install them with the following command:      ║
    ║                                                      ║
    ║     sudo npx playwright install-deps                 ║
    ║                                                      ║
    ║ Alternatively, use apt:                              ║
    ║     sudo apt-get install libavif16                   ║
    ║                                                      ║
    ║ <3 Playwright Team                                   ║
    ╚══════════════════════════════════════════════════════╝
]]>
</failure>
</testcase>
<testcase name="Course Purchase E2E Tests › should preserve form data on validation errors" classname="tests/purchase.spec.ts" time="0.003">
<failure message="purchase.spec.ts:122:7 should preserve form data on validation errors" type="FAILURE">
<![CDATA[  [Mobile Safari] › tests/purchase.spec.ts:122:7 › Course Purchase E2E Tests › should preserve form data on validation errors 

    Error: browserType.launch: 
    ╔══════════════════════════════════════════════════════╗
    ║ Host system is missing dependencies to run browsers. ║
    ║ Please install them with the following command:      ║
    ║                                                      ║
    ║     sudo npx playwright install-deps                 ║
    ║                                                      ║
    ║ Alternatively, use apt:                              ║
    ║     sudo apt-get install libavif16                   ║
    ║                                                      ║
    ║ <3 Playwright Team                                   ║
    ╚══════════════════════════════════════════════════════╝
]]>
</failure>
</testcase>
<testcase name="Course Purchase E2E Tests › should support promotional codes" classname="tests/purchase.spec.ts" time="0.004">
<failure message="purchase.spec.ts:145:7 should support promotional codes" type="FAILURE">
<![CDATA[  [Mobile Safari] › tests/purchase.spec.ts:145:7 › Course Purchase E2E Tests › should support promotional codes 

    Error: browserType.launch: 
    ╔══════════════════════════════════════════════════════╗
    ║ Host system is missing dependencies to run browsers. ║
    ║ Please install them with the following command:      ║
    ║                                                      ║
    ║     sudo npx playwright install-deps                 ║
    ║                                                      ║
    ║ Alternatively, use apt:                              ║
    ║     sudo apt-get install libavif16                   ║
    ║                                                      ║
    ║ <3 Playwright Team                                   ║
    ╚══════════════════════════════════════════════════════╝
]]>
</failure>
</testcase>
<testcase name="Course Purchase E2E Tests › should handle different currencies" classname="tests/purchase.spec.ts" time="0.002">
<failure message="purchase.spec.ts:168:7 should handle different currencies" type="FAILURE">
<![CDATA[  [Mobile Safari] › tests/purchase.spec.ts:168:7 › Course Purchase E2E Tests › should handle different currencies 

    Error: browserType.launch: 
    ╔══════════════════════════════════════════════════════╗
    ║ Host system is missing dependencies to run browsers. ║
    ║ Please install them with the following command:      ║
    ║                                                      ║
    ║     sudo npx playwright install-deps                 ║
    ║                                                      ║
    ║ Alternatively, use apt:                              ║
    ║     sudo apt-get install libavif16                   ║
    ║                                                      ║
    ║ <3 Playwright Team                                   ║
    ╚══════════════════════════════════════════════════════╝
]]>
</failure>
</testcase>
</testsuite>
</testsuites>